"../../../Reality/Content/AnimStarterPack/UE4_Mannequin/Mesh/UE4_Mannequin_Skeleton.uasset" 0
"../../../Reality/Content/AnimStarterPack/Aim_Space_Hip.uasset" 1
"../../../Reality/Content/AnimStarterPack/Aim_Space_Ironsights.uasset" 2
"../../../Reality/Content/AnimStarterPack/Crouch_to_Stand_Rifle_Hip.uasset" 3
"../../../Reality/Content/AnimStarterPack/Crouch_to_Stand_Rifle_Ironsights.uasset" 4
"../../../Reality/Content/AnimStarterPack/Crouch_Walk_Bwd_Rifle_Ironsights.uasset" 5
"../../../Reality/Content/AnimStarterPack/Crouch_Walk_Lt_Rifle_Ironsights.uasset" 6
"../../../Reality/Content/AnimStarterPack/Crouch_Walk_Rt_Rifle_Ironsights.uasset" 7
"../../../Reality/Content/AnimStarterPack/Death_1.uasset" 8
"../../../Reality/Content/AnimStarterPack/Death_2.uasset" 9
"../../../Reality/Content/AnimStarterPack/Death_3.uasset" 10
"../../../Reality/Content/AnimStarterPack/Death_Ironsights_1.uasset" 11
"../../../Reality/Content/AnimStarterPack/Death_Ironsights_2.uasset" 12
"../../../Reality/Content/AnimStarterPack/Equip_Rifle_Standing.uasset" 13
"../../../Reality/Content/AnimStarterPack/Fire_Rifle_Hip.uasset" 14
"../../../Reality/Content/AnimStarterPack/Fire_Shotgun_Hip.uasset" 15
"../../../Reality/Content/AnimStarterPack/Fire_Shotgun_Ironsights.uasset" 16
"../../../Reality/Content/AnimStarterPack/Hit_React_4.uasset" 17
"../../../Reality/Content/AnimStarterPack/Idle_Pistol.uasset" 18
"../../../Reality/Content/AnimStarterPack/Idle_Rifle_Ironsights.uasset" 19
"../../../Reality/Content/AnimStarterPack/Jump_From_Stand_Ironsights.uasset" 20
"../../../Reality/Content/AnimStarterPack/Prone_Death_1.uasset" 21
"../../../Reality/Content/AnimStarterPack/Prone_Death_2.uasset" 22
"../../../Reality/Content/AnimStarterPack/Prone_Fire_1.uasset" 23
"../../../Reality/Content/AnimStarterPack/Prone_Fire_2.uasset" 24
"../../../Reality/Content/AnimStarterPack/Prone_Idle.uasset" 25
"../../../Reality/Content/AnimStarterPack/Prone_Reload_Rifle.uasset" 26
"../../../Reality/Content/AnimStarterPack/Prone_Reload_Shotgun.uasset" 27
"../../../Reality/Content/AnimStarterPack/Prone_To_Stand.uasset" 28
"../../../Reality/Content/AnimStarterPack/Reload_Pistol.uasset" 29
"../../../Reality/Content/AnimStarterPack/Reload_Rifle_Ironsights.uasset" 30
"../../../Reality/Content/AnimStarterPack/Reload_Shotgun_Hip.uasset" 31
"../../../Reality/Content/AnimStarterPack/Reload_Shotgun_Ironsights.uasset" 32
"../../../Reality/Content/AnimStarterPack/Sprint_Fwd_Rifle.uasset" 33
"../../../Reality/Content/AnimStarterPack/Stand_to_Crouch_Rifle_Hip.uasset" 34
"../../../Reality/Content/AnimStarterPack/Stand_to_Crouch_Rifle_Ironsights.uasset" 35
"../../../Reality/Content/AnimStarterPack/Stand_To_Prone.uasset" 36
"../../../Reality/Content/AnimStarterPack/Walk_Bwd_Rifle_Ironsights.uasset" 37
"../../../Reality/Content/AnimStarterPack/Walk_Lt_Rifle_Ironsights.uasset" 38
"../../../Reality/Content/AnimStarterPack/Walk_Rt_Rifle_Ironsights.uasset" 39
"../../../Reality/Content/FirstPerson/Character/Mesh/SK_Mannequin_Arms_Skeleton.uasset" 40
"../../../Reality/Content/FirstPerson/Animations/FirstPerson_Idle.uasset" 41
"../../../Reality/Content/FirstPerson/Animations/FirstPerson_JumpEnd.uasset" 42
"../../../Reality/Content/FirstPerson/Animations/FirstPerson_JumpLoop.uasset" 43
"../../../Reality/Content/FirstPerson/Animations/FirstPerson_JumpStart.uasset" 44
"../../../Reality/Content/FirstPerson/Animations/FirstPerson_Run.uasset" 45
"../../../Engine/Content/EditorBlueprintResources/StandardMacros.uasset" 46
"../../../Reality/Content/FirstPerson/Animations/FirstPerson_AnimBP.uasset" 47
"../../../Reality/Content/FirstPerson/Animations/FirstPerson_Fire.uasset" 48
"../../../Reality/Content/FirstPerson/Animations/FirstPersonFire_Montage.uasset" 49
"../../../Reality/Content/FirstPerson/Meshes/BaseMaterial.uasset" 50
"../../../Reality/Content/FirstPerson/Meshes/FirstPersonProjectileMaterial.uasset" 51
"../../../Reality/Content/FirstPerson/Meshes/FirstPersonProjectileMesh.uasset" 52
"../../../Reality/Content/FirstPersonCPP/Blueprints/FirstPersonProjectile.uasset" 53
"../../../Reality/Content/FirstPerson/Audio/FirstPersonTemplateWeaponFire02.uasset" 54
"../../../Engine/Content/Functions/Engine_MaterialFunctions02/Utility/BlendAngleCorrectedNormals.uasset" 55
"../../../Engine/Content/Functions/MaterialLayerFunctions/MatLayerBlend_NormalBlend.uasset" 56
"../../../Engine/Content/Functions/MaterialLayerFunctions/MatLayerBlend_Simple.uasset" 57
"../../../Reality/Content/FirstPerson/Character/Materials/MaterialLayers/T_ML_Rubber_Blue_01_D.uasset" 58
"../../../Reality/Content/FirstPerson/Character/Materials/MaterialLayers/T_ML_Rubber_Blue_01_N.uasset" 59
"../../../Reality/Content/FirstPerson/Character/Materials/MaterialLayers/ML_GlossyBlack_Latex_UE4.uasset" 60
"../../../Reality/Content/FirstPerson/Character/Materials/MaterialLayers/ML_Plastic_Shiny_Beige.uasset" 61
"../../../Reality/Content/FirstPerson/Character/Textures/UE4_LOGO_CARD.uasset" 62
"../../../Reality/Content/FirstPerson/Character/Materials/MaterialLayers/ML_Plastic_Shiny_Beige_LOGO.uasset" 63
"../../../Reality/Content/FirstPerson/Character/Materials/MaterialLayers/T_ML_Aluminum01.uasset" 64
"../../../Reality/Content/FirstPerson/Character/Materials/MaterialLayers/T_ML_Aluminum01_N.uasset" 65
"../../../Reality/Content/FirstPerson/Character/Materials/MaterialLayers/ML_SoftMetal_UE4.uasset" 66
"../../../Reality/Content/FirstPerson/Character/Textures/UE4_Mannequin__normals.uasset" 67
"../../../Reality/Content/FirstPerson/Character/Textures/UE4_Mannequin_MAT_MASKA.uasset" 68
"../../../Reality/Content/FirstPerson/Character/Materials/M_UE4Man_Body.uasset" 69
"../../../Reality/Content/FirstPerson/Character/Mesh/SK_Mannequin_Arms_PhysicsAsset.uasset" 70
"../../../Reality/Content/FirstPerson/Character/Mesh/SK_Mannequin_Arms.uasset" 71
"../../../Reality/Content/FPS_Weapon_Bundle/Weapons/Textures/KA74U/T_KA74U_ALB.uasset" 72
"../../../Reality/Content/FPS_Weapon_Bundle/Weapons/Textures/KA74U/T_KA74U_M_MSK.uasset" 73
"../../../Reality/Content/FPS_Weapon_Bundle/Weapons/Textures/KA74U/T_KA74U_NRM.uasset" 74
"../../../Reality/Content/FPS_Weapon_Bundle/Weapons/Textures/Patterns/T_Stripes__Pattern.uasset" 75
"../../../Reality/Content/FPS_Weapon_Bundle/Weapons/Materials/Master_Material/M_Weapon_Master_USE.uasset" 76
"../../../Reality/Content/FPS_Weapon_Bundle/Weapons/Textures/Ammunition/T_9mm_ALB.uasset" 77
"../../../Reality/Content/FPS_Weapon_Bundle/Weapons/Textures/Ammunition/T_9mm_M_MSK.uasset" 78
"../../../Reality/Content/FPS_Weapon_Bundle/Weapons/Textures/Ammunition/T_9mm_NRM.uasset" 79
"../../../Reality/Content/FPS_Weapon_Bundle/Weapons/Materials/Ammunition/M_9mm.uasset" 80
"../../../Reality/Content/FPS_Weapon_Bundle/Weapons/Textures/SMG11/T_SMG11_ALB.uasset" 81
"../../../Reality/Content/FPS_Weapon_Bundle/Weapons/Textures/SMG11/T_SMG11_M_MSK.uasset" 82
"../../../Reality/Content/FPS_Weapon_Bundle/Weapons/Textures/SMG11/T_SMG11_NRM.uasset" 83
"../../../Reality/Content/FPS_Weapon_Bundle/Weapons/Materials/SMG11/M_SMG11.uasset" 84
"../../../Reality/Content/FPS_Weapon_Bundle/Weapons/Textures/SMG11/T_SMG11_Rem_ALB.uasset" 85
"../../../Reality/Content/FPS_Weapon_Bundle/Weapons/Textures/SMG11/T_SMG11_Rem_M_MSK.uasset" 86
"../../../Reality/Content/FPS_Weapon_Bundle/Weapons/Textures/SMG11/T_SMG11_Rem_NRM.uasset" 87
"../../../Reality/Content/FPS_Weapon_Bundle/Weapons/Materials/SMG11/M_SMG11_Rem.uasset" 88
"../../../Reality/Content/FPS_Weapon_Bundle/Weapons/Meshes/SMG11/SK_SMG11_Y_Physics.uasset" 89
"../../../Reality/Content/FPS_Weapon_Bundle/Weapons/Meshes/SMG11/SK_SMG11_Y_Skeleton.uasset" 90
"../../../Reality/Content/FPS_Weapon_Bundle/Weapons/Meshes/SMG11/SK_SMG11_Y.uasset" 91
"../../../Reality/Content/FirstPersonCPP/Blueprints/FirstPersonCharacter.uasset" 92
"../../../Reality/Content/Blueprints/BP_SplineManager.uasset" 93
"../../../Reality/Content/FirstPerson/FPWeapon/Materials/MaterialLayers/ML_Plastic_Shiny_Beige_LOGO.uasset" 94
"../../../Reality/Content/FirstPerson/FPWeapon/Materials/MaterialLayers/T_ML_FineRubber.uasset" 95
"../../../Reality/Content/FirstPerson/FPWeapon/Mesh/SK_FPGun_PhysicsAsset.uasset" 96
"../../../Reality/Content/FirstPerson/Meshes/CubeMaterialOverride.uasset" 97
"../../../Reality/Content/FirstPerson/Textures/FirstPersonCrosshair.uasset" 98
"../../../Reality/Content/FPS_Weapon_Bundle/Weapons/Textures/Accessories/T_V_Grip_ALB.uasset" 99
"../../../Reality/Content/FPS_Weapon_Bundle/Weapons/Textures/Accessories/T_V_Grip_M_MSK.uasset" 100
"../../../Reality/Content/FPS_Weapon_Bundle/Weapons/Textures/Accessories/T_V_Grip_NRM.uasset" 101
"../../../Reality/Content/FPS_Weapon_Bundle/Weapons/Materials/Accessories/M_V_Grip.uasset" 102
"../../../Reality/Content/FPS_Weapon_Bundle/Weapons/Materials/Accessories/M_V_Grip_Green.uasset" 103
"../../../Reality/Content/FPS_Weapon_Bundle/Weapons/Textures/AR4/T_AR4_ALB.uasset" 104
"../../../Reality/Content/FPS_Weapon_Bundle/Weapons/Textures/AR4/T_AR4_M_MSK.uasset" 105
"../../../Reality/Content/FPS_Weapon_Bundle/Weapons/Textures/AR4/T_AR4_NRM.uasset" 106
"../../../Reality/Content/FPS_Weapon_Bundle/Weapons/Textures/Patterns/T_Desert_Marpat_Pattern.uasset" 107
"../../../Reality/Content/FPS_Weapon_Bundle/Weapons/Materials/AR4/M_AR4_Pattern.uasset" 108
"../../../Reality/Content/FPS_Weapon_Bundle/Weapons/Textures/KA47/T_KA47_Gold_ALB.uasset" 109
"../../../Reality/Content/FPS_Weapon_Bundle/Weapons/Textures/KA47/T_KA47_Gold_M_MSK.uasset" 110
"../../../Reality/Content/FPS_Weapon_Bundle/Weapons/Textures/KA47/T_KA47_NRM.uasset" 111
"../../../Reality/Content/FPS_Weapon_Bundle/Weapons/Materials/Ka47/M_KA47_Gold.uasset" 112
"../../../Reality/Content/FPS_Weapon_Bundle/Weapons/Textures/KA47/T_KA47_ALB.uasset" 113
"../../../Reality/Content/FPS_Weapon_Bundle/Weapons/Textures/KA47/T_KA47_M_MSK.uasset" 114
"../../../Reality/Content/FPS_Weapon_Bundle/Weapons/Materials/Ka47/M_KA47.uasset" 115
"../../../Reality/Content/FPS_Weapon_Bundle/Weapons/Materials/Ka47/M_KA47_Pattern.uasset" 116
"../../../Reality/Content/FPS_Weapon_Bundle/Weapons/Materials/KA74U/M_KA74U.uasset" 117
"../../../Reality/Content/FPS_Weapon_Bundle/Weapons/Textures/KA74U/T_KA74U_Gold_ALB.uasset" 118
"../../../Reality/Content/FPS_Weapon_Bundle/Weapons/Textures/KA74U/T_KA74U_Gold_M_MSK.uasset" 119
"../../../Reality/Content/FPS_Weapon_Bundle/Weapons/Materials/KA74U/M_KA74U_Gold.uasset" 120
"../../../Reality/Content/FPS_Weapon_Bundle/Weapons/Textures/Patterns/T_LeafSpray_Pattern.uasset" 121
"../../../Reality/Content/FPS_Weapon_Bundle/Weapons/Materials/KA74U/M_KA74U_LeafSpray.uasset" 122
"../../../Reality/Content/FPS_Weapon_Bundle/Weapons/Textures/KA_Val/T_KA_Val_ALB.uasset" 123
"../../../Reality/Content/FPS_Weapon_Bundle/Weapons/Textures/KA_Val/T_KA_Val_M_MSK.uasset" 124
"../../../Reality/Content/FPS_Weapon_Bundle/Weapons/Textures/KA_Val/T_KA_Val_NRM.uasset" 125
"../../../Reality/Content/FPS_Weapon_Bundle/Weapons/Materials/KA_Val/M_KA_Val.uasset" 126
"../../../Reality/Content/FPS_Weapon_Bundle/Weapons/Textures/KA_Val/T_KA_Val_Black_ALB.uasset" 127
"../../../Reality/Content/FPS_Weapon_Bundle/Weapons/Materials/KA_Val/M_KA_Val_Black.uasset" 128
"../../../Reality/Content/FPS_Weapon_Bundle/Weapons/Textures/Patterns/T_Wood_Marpat_Pattern.uasset" 129
"../../../Reality/Content/FPS_Weapon_Bundle/Weapons/Materials/KA_Val/M_KA_Val_Black_Camo.uasset" 130
"../../../Reality/Content/FPS_Weapon_Bundle/Weapons/Materials/KA_Val/M_KA_Val_Black_Striped.uasset" 131
"../../../Reality/Content/FPS_Weapon_Bundle/Weapons/Textures/RDS/T_RDS_01.uasset" 132
"../../../Reality/Content/FPS_Weapon_Bundle/Weapons/Materials/Master_Material/M_RDS_Master.uasset" 133
"../../../Reality/Content/FPS_Weapon_Bundle/Weapons/Materials/RDS/M_RDS_01.uasset" 134
"../../../Reality/Content/FPS_Weapon_Bundle/Weapons/Textures/RDS/T_RDS_02.uasset" 135
"../../../Reality/Content/FPS_Weapon_Bundle/Weapons/Materials/RDS/M_RDS_02.uasset" 136
"../../../Reality/Content/FPS_Weapon_Bundle/Weapons/Textures/RDS/T_RDS_03.uasset" 137
"../../../Reality/Content/FPS_Weapon_Bundle/Weapons/Materials/RDS/M_RDS_03.uasset" 138
"../../../Reality/Content/FPS_Weapon_Bundle/Weapons/Textures/Patterns/T_Urban_Marpat_Pattern.uasset" 139
"../../../Reality/Content/FPS_Weapon_Bundle/Weapons/Materials/SMG11/M_SMG11_Camo.uasset" 140
"../../../Reality/Content/FPS_Weapon_Bundle/Weapons/Materials/SMG11/M_SMG11_Color.uasset" 141
"../../../Reality/Content/FPS_Weapon_Bundle/Weapons/Textures/Accessories/T_Scope_25x56_ALB.uasset" 142
"../../../Reality/Content/FPS_Weapon_Bundle/Weapons/Textures/Accessories/T_Scope_25x56_M_MSK.uasset" 143
"../../../Reality/Content/FPS_Weapon_Bundle/Weapons/Textures/Accessories/T_Scope_25x56_NRM.uasset" 144
"../../../Reality/Content/FPS_Weapon_Bundle/Weapons/Materials/Accessories/M_Scope_25x56.uasset" 145
"../../../Reality/Content/FPS_Weapon_Bundle/Weapons/Textures/Accessories/T_Scope_25x56_Lens_ALB.uasset" 146
"../../../Reality/Content/FPS_Weapon_Bundle/Weapons/Textures/Accessories/T_Scope_25x56_Lens_M_MSK.uasset" 147
"../../../Reality/Content/FPS_Weapon_Bundle/Weapons/Materials/Master_Material/M_Scope_Lens_MASTER.uasset" 148
"../../../Reality/Content/FPS_Weapon_Bundle/Weapons/Materials/Accessories/M_Scope_25x56_Lens.uasset" 149
"../../../Reality/Content/FPS_Weapon_Bundle/Weapons/Meshes/Accessories/SM_Scope_25x56_X.uasset" 150
"../../../Reality/Content/FPS_Weapon_Bundle/Weapons/Materials/AR4/M_AR4.uasset" 151
"../../../Reality/Content/FPS_Weapon_Bundle/Weapons/Meshes/AR4/SM_AR4.uasset" 152
"../../../Reality/Content/FPS_Weapon_Bundle/Weapons/Meshes/AR4/SM_AR4_X.uasset" 153
"../../../Reality/Content/FPS_Weapon_Bundle/Weapons/Textures/G67_Grenade/T_G67_ALB.uasset" 154
"../../../Reality/Content/FPS_Weapon_Bundle/Weapons/Textures/G67_Grenade/T_G67_M_MSK.uasset" 155
"../../../Reality/Content/FPS_Weapon_Bundle/Weapons/Textures/G67_Grenade/T_G67_NRM.uasset" 156
"../../../Reality/Content/FPS_Weapon_Bundle/Weapons/Materials/G67_Grenade/M_G67.uasset" 157
"../../../Reality/Content/FPS_Weapon_Bundle/Weapons/Meshes/G67_Grenade/SM_G67.uasset" 158
"../../../Reality/Content/FPS_Weapon_Bundle/Weapons/Meshes/G67_Grenade/SM_G67_Thrown.uasset" 159
"../../../Reality/Content/FPS_Weapon_Bundle/Weapons/Meshes/G67_Grenade/SM_G67_X.uasset" 160
"../../../Reality/Content/FPS_Weapon_Bundle/Weapons/Textures/Ammunition/T_762x39_ALB.uasset" 161
"../../../Reality/Content/FPS_Weapon_Bundle/Weapons/Textures/Ammunition/T_762x39_M_MSK.uasset" 162
"../../../Reality/Content/FPS_Weapon_Bundle/Weapons/Textures/Ammunition/T_762x39_NRM.uasset" 163
"../../../Reality/Content/FPS_Weapon_Bundle/Weapons/Materials/Ammunition/M_762x39_Empty.uasset" 164
"../../../Reality/Content/FPS_Weapon_Bundle/Weapons/Meshes/Ka47/SM_KA47.uasset" 165
"../../../Reality/Content/FPS_Weapon_Bundle/Weapons/Meshes/Ka47/SM_KA47_X.uasset" 166
"../../../Reality/Content/FPS_Weapon_Bundle/Weapons/Meshes/KA74U/SM_KA74U_Mag_Empty_Y.uasset" 167
"../../../Reality/Content/FPS_Weapon_Bundle/Weapons/Meshes/KA74U/SM_KA74U_Mag_Y.uasset" 168
"../../../Reality/Content/FPS_Weapon_Bundle/Weapons/Meshes/KA74U/SM_KA74U_X.uasset" 169
"../../../Reality/Content/FPS_Weapon_Bundle/Weapons/Meshes/KA74U/SM_KA74U_Y.uasset" 170
"../../../Reality/Content/FPS_Weapon_Bundle/Weapons/Meshes/KA_Val/SM_KA_Val_Mag_X.uasset" 171
"../../../Reality/Content/FPS_Weapon_Bundle/Weapons/Meshes/KA_Val/SM_KA_Val_X.uasset" 172
"../../../Reality/Content/FPS_Weapon_Bundle/Weapons/Meshes/KA_Val/SM_KA_Val_Y.uasset" 173
"../../../Reality/Content/FPS_Weapon_Bundle/Weapons/Textures/M9_Knife/T_M9_ALB.uasset" 174
"../../../Reality/Content/FPS_Weapon_Bundle/Weapons/Textures/M9_Knife/T_M9_M_MSK.uasset" 175
"../../../Reality/Content/FPS_Weapon_Bundle/Weapons/Textures/M9_Knife/T_M9_NRM.uasset" 176
"../../../Reality/Content/FPS_Weapon_Bundle/Weapons/Materials/M9_Knife/M_M9_Knife.uasset" 177
"../../../Reality/Content/FPS_Weapon_Bundle/Weapons/Meshes/M9_Knife/SM_M9_Knife.uasset" 178
"../../../Reality/Content/FPS_Weapon_Bundle/Weapons/Meshes/M9_Knife/SM_M9_Knife_X.uasset" 179
"../../../Reality/Content/FPS_Weapon_Bundle/Weapons/Meshes/SMG11/SM_SMG11_Mag_Empty_Y.uasset" 180
"../../../Reality/Content/FPS_Weapon_Bundle/Weapons/Meshes/SMG11/SM_SMG11_Nostock_X.uasset" 181
"../../../Reality/Content/FPS_Weapon_Bundle/Weapons/Meshes/SMG11/SM_SMG11_Nostock_Y.uasset" 182
"../../../Reality/Content/FPS_Weapon_Bundle/Weapons/Meshes/SMG11/SM_SMG11_X.uasset" 183
"../../../Reality/Content/FPS_Weapon_Bundle/Weapons/Meshes/SMG11/SM_SMG11_Y.uasset" 184
"../../../Reality/Content/FPS_Weapon_Bundle/Weapons/Textures/Patterns/T_80s_Pattern.uasset" 185
"../../../Reality/Content/FPS_Weapon_Bundle/Weapons/Textures/Patterns/T_Chochip_Pattern.uasset" 186
"../../../Reality/Content/FPS_Weapon_Bundle/Weapons/Textures/Patterns/T_Cracks_Pattern.uasset" 187
"../../../Reality/Content/FPS_Weapon_Bundle/Weapons/Textures/Patterns/T_Hexagon_Glow_Pattern.uasset" 188
"../../../Reality/Content/FPS_Weapon_Bundle/Weapons/Textures/Patterns/T_Hexagon_Pattern.uasset" 189
"../../../Reality/Content/FPS_Weapon_Bundle/Weapons/Textures/Patterns/T_Ink_Pattern.uasset" 190
"../../../Reality/Content/FPS_Weapon_Bundle/Weapons/Textures/Patterns/T_Net01_Pattern.uasset" 191
"../../../Reality/Content/FPS_Weapon_Bundle/Weapons/Textures/Patterns/T_W90K_Pattern.uasset" 192
"../../../Reality/Content/FPS_Weapon_Bundle/Weapons/Textures/Patterns/T_W90_Pattern.uasset" 193
"../../../Reality/Content/Geometry/Meshes/CubeMaterial.uasset" 194
"../../../Reality/Content/Geometry/Meshes/1M_Cube_Chamfer.uasset" 195
"../../../Reality/Content/Geometry/Meshes/TemplateFloor.uasset" 196
"../../../Reality/Content/StarterContent/Materials/M_Basic_Wall.uasset" 197
"../../../Reality/Content/StarterContent/Architecture/Pillar_50x500.uasset" 198
"../../../Reality/Content/StarterContent/Architecture/Wall_400x300.uasset" 199
"../../../Reality/Content/StarterContent/Architecture/Wall_400x400.uasset" 200
"../../../Reality/Content/StarterContent/Architecture/Wall_500x500.uasset" 201
"../../../Reality/Content/StarterContent/Architecture/Wall_Door_400x400.uasset" 202
"../../../Reality/Content/StarterContent/Architecture/Wall_Window_400x400.uasset" 203
"../../../Reality/Content/StarterContent/Audio/Light01_Cue.uasset" 204
"../../../Reality/Content/StarterContent/Audio/Light02_Cue.uasset" 205
"../../../Reality/Content/StarterContent/Audio/Explosion_Cue.uasset" 206
"../../../Reality/Content/StarterContent/Textures/T_Burst_M.uasset" 207
"../../../Reality/Content/StarterContent/Particles/Materials/M_Burst.uasset" 208
"../../../Reality/Content/StarterContent/Textures/T_Explosion_SubUV.uasset" 209
"../../../Reality/Content/StarterContent/Particles/Materials/M_explosion_subUV.uasset" 210
"../../../Reality/Content/StarterContent/Particles/Materials/m_flare_01.uasset" 211
"../../../Engine/Content/Functions/Engine_MaterialFunctions01/Gradient/RadialGradient.uasset" 212
"../../../Reality/Content/StarterContent/Particles/Materials/M_radial_ramp.uasset" 213
"../../../Reality/Content/StarterContent/Textures/T_Smoke_SubUV.uasset" 214
"../../../Reality/Content/StarterContent/Textures/T_Smoke_Tiled_D.uasset" 215
"../../../Reality/Content/StarterContent/Particles/Materials/M_smoke_subUV.uasset" 216
"../../../Reality/Content/StarterContent/Particles/P_Explosion.uasset" 217
"../../../Reality/Content/StarterContent/Blueprints/Blueprint_Effect_Explosion.uasset" 218
"../../../Engine/Content/EditorMeshes/ColorCalibrator/T_ColorGrid.uasset" 219
"../../../Reality/Content/StarterContent/Materials/M_ColorGrid_LowSpec.uasset" 220
"../../../Reality/Content/StarterContent/Textures/T_Bush_D.uasset" 221
"../../../Reality/Content/StarterContent/Textures/T_Bush_N.uasset" 222
"../../../Reality/Content/StarterContent/Props/Materials/M_Bush.uasset" 223
"../../../Reality/Content/StarterContent/Props/SM_Bush.uasset" 224
"../../../Reality/Content/StarterContent/Textures/T_Chair_M.uasset" 225
"../../../Reality/Content/StarterContent/Textures/T_Chair_N.uasset" 226
"../../../Reality/Content/StarterContent/Props/Materials/M_Chair.uasset" 227
"../../../Reality/Content/StarterContent/Props/SM_Couch.uasset" 228
"../../../Reality/Content/StarterContent/Materials/M_Glass.uasset" 229
"../../../Reality/Content/StarterContent/Textures/T_Door_M.uasset" 230
"../../../Reality/Content/StarterContent/Textures/T_Door_N.uasset" 231
"../../../Reality/Content/StarterContent/Props/Materials/M_Door.uasset" 232
"../../../Reality/Content/StarterContent/Props/SM_Door.uasset" 233
"../../../Reality/Content/StarterContent/Props/Materials/M_MaterialSphere.uasset" 234
"../../../Reality/Content/StarterContent/Props/Materials/M_MaterialSphere_Plain.uasset" 235
"../../../Reality/Content/StarterContent/Props/SM_MatPreviewMesh_02.uasset" 236
"../../../Reality/Content/StarterContent/Textures/T_Detail_Rocky_N.uasset" 237
"../../../Reality/Content/StarterContent/Textures/T_Rock_Basalt_D.uasset" 238
"../../../Reality/Content/StarterContent/Textures/T_RockMesh_M.uasset" 239
"../../../Reality/Content/StarterContent/Textures/T_RockMesh_N.uasset" 240
"../../../Reality/Content/StarterContent/Props/Materials/M_Rock.uasset" 241
"../../../Reality/Content/StarterContent/Props/SM_Rock.uasset" 242
"../../../Reality/Content/StarterContent/Textures/T_Shelf_M.uasset" 243
"../../../Reality/Content/StarterContent/Textures/T_Shelf_N.uasset" 244
"../../../Reality/Content/StarterContent/Props/Materials/M_Shelf.uasset" 245
"../../../Reality/Content/StarterContent/Props/SM_Shelf.uasset" 246
"../../../Reality/Content/StarterContent/Materials/M_Basic_Floor.uasset" 247
"../../../Reality/Content/StarterContent/Props/SM_Stairs.uasset" 248
"../../../Reality/Content/StarterContent/Shapes/Shape_Cone.uasset" 249
"../../../Reality/Content/StarterContent/Shapes/Shape_Cylinder.uasset" 250
"../../../Reality/Content/StarterContent/Shapes/Shape_NarrowCapsule.uasset" 251
"../../../Reality/Content/StarterContent/Shapes/Shape_Pipe.uasset" 252
"../../../Reality/Content/StarterContent/Shapes/Shape_Pipe_180.uasset" 253
"../../../Reality/Content/StarterContent/Shapes/Shape_Pipe_90.uasset" 254
"../../../Reality/Content/StarterContent/Shapes/Shape_Plane.uasset" 255
"../../../Reality/Content/StarterContent/Shapes/Shape_Torus.uasset" 256
"../../../Reality/Content/StarterContent/Shapes/Shape_Trim.uasset" 257
"../../../Reality/Content/StarterContent/Shapes/Shape_Trim_90_In.uasset" 258
"../../../Reality/Content/StarterContent/Shapes/Shape_Trim_90_Out.uasset" 259
"../../../Reality/Content/StarterContent/Shapes/Shape_TriPyramid.uasset" 260
"../../../Reality/Content/StarterContent/Shapes/Shape_Tube.uasset" 261
"../../../Reality/Content/StarterContent/Shapes/Shape_Wedge_A.uasset" 262
"../../../Reality/Content/StarterContent/Shapes/Shape_Wedge_B.uasset" 263
"../../../Reality/Content/StarterContent/Shapes/Shape_WideCapsule.uasset" 264
"../../../Engine/Content/Functions/Engine_MaterialFunctions02/Utility/BreakOutFloat3Components.uasset" 265
"../../../Engine/Content/Functions/Engine_MaterialFunctions02/Utility/MakeFloat3.uasset" 266
"../../../Engine/Content/Functions/Engine_MaterialFunctions02/Utility/Sign.uasset" 267
"../../../Engine/Content/Functions/Engine_MaterialFunctions02/Utility/Round.uasset" 268
"../../../Engine/Content/Functions/Engine_MaterialFunctions02/Utility/VectorLength.uasset" 269
"../../../Engine/Content/Functions/Engine_MaterialFunctions02/WorldPositionOffset/ObjectScale.uasset" 270
"../../../Reality/Content/SuperGrid/StarterPack/Materials/Functions/Basic/BreakSet.uasset" 271
"../../../Reality/Content/SuperGrid/StarterPack/Materials/Functions/Basic/MakeSet.uasset" 272
"../../../Reality/Content/SuperGrid/StarterPack/Materials/Functions/Basic/Roughness.uasset" 273
"../../../Reality/Content/SuperGrid/StarterPack/Materials/Functions/Texture/Dye_SingleColor.uasset" 274
"../../../Reality/Content/SuperGrid/StarterPack/Source/Textures/T_BasicGrid_M.uasset" 275
"../../../Reality/Content/SuperGrid/StarterPack/Materials/Functions/Texture/Tex_SimpleGrid.uasset" 276
"../../../Reality/Content/SuperGrid/StarterPack/Materials/Functions/UV/UV_ObjectScalable.uasset" 277
"../../../Reality/Content/SuperGrid/StarterPack/Materials/Functions/UV/UV_SetupGrid.uasset" 278
"../../../Reality/Content/SuperGrid/StarterPack/Source/Textures/T_BasicGrid_N.uasset" 279
"../../../Reality/Content/SuperGrid/StarterPack/Materials/Base/M_SuperGrid_SingleColor.uasset" 280
"../../../Reality/Content/SuperGrid/StarterPack/Materials/Palette/Grids/M_SuperGrid_Default.uasset" 281
"../../../Reality/Content/SuperGrid/StarterPack/Source/Meshes/SuperGrid_Box.uasset" 282
"../../../Reality/Content/SuperGrid/StarterPack/Source/Meshes/SuperGrid_BoxCentered.uasset" 283
"../../../Reality/Content/SuperGrid/StarterPack/Blueprints/SuperGrid_DynamicStairs.uasset" 284
"../../../Reality/Content/SuperGrid/StarterPack/Blueprints/S_SuperGridGroup.uasset" 285
"../../../Reality/Content/SuperGrid/StarterPack/Source/Textures/Templates/T_SGGroup.uasset" 286
"../../../Reality/Content/SuperGrid/StarterPack/Tutorial/Utility/Materials/M_Utility_FavIcon.uasset" 287
"../../../Reality/Content/SuperGrid/StarterPack/Tutorial/Utility/Meshes/SM_Star.uasset" 288
"../../../Reality/Content/SuperGrid/StarterPack/Blueprints/SuperGrid_Group.uasset" 289
"../../../Reality/Content/SuperGrid/StarterPack/Materials/Functions/Basic/Layout_LocalSides.uasset" 290
"../../../Reality/Content/SuperGrid/StarterPack/Materials/Functions/Basic/Layout_WorldSides.uasset" 291
"../../../Reality/Content/SuperGrid/StarterPack/Materials/Base/M_SuperGrid_Orientation.uasset" 292
"../../../Reality/Content/SuperGrid/StarterPack/Materials/Palette/Advanced/M_SuperGrid_Auto.uasset" 293
"../../../Reality/Content/SuperGrid/StarterPack/Source/Meshes/SuperGrid_CylinderFull.uasset" 294
"../../../Reality/Content/SuperGrid/StarterPack/Blueprints/SuperGrid_Wall.uasset" 295
"../../../Reality/Content/SuperGrid/StarterPack/Materials/Palette/Grids/M_SuperGrid_DefaultBlack.uasset" 296
"../../../Reality/Content/SuperGrid/StarterPack/Source/Textures/Templates/T_SGLogo.uasset" 297
"../../../Reality/Content/SuperGrid/StarterPack/Blueprints/SuperGrid_Master.uasset" 298
"../../../Reality/Content/SuperGrid/StarterPack/Materials/Functions/Texture/Dye_MultiColor.uasset" 299
"../../../Reality/Content/SuperGrid/StarterPack/Materials/Base/M_Tutorial.uasset" 300
"../../../Reality/Content/SuperGrid/StarterPack/Materials/Functions/Texture/Dye_4ColorBasic.uasset" 301
"../../../Reality/Content/SuperGrid/StarterPack/Materials/Functions/UV/UV_WorldScalable.uasset" 302
"../../../Reality/Content/SuperGrid/StarterPack/Source/Textures/T_ConcreteWall_M.uasset" 303
"../../../Reality/Content/SuperGrid/StarterPack/Source/Textures/T_ConcreteWall_N.uasset" 304
"../../../Reality/Content/SuperGrid/StarterPack/Source/Textures/T_ConcreteWall_R.uasset" 305
"../../../Reality/Content/SuperGrid/StarterPack/Materials/Base/M_SuperGrid_Architectural.uasset" 306
"../../../Reality/Content/SuperGrid/StarterPack/Materials/Palette/Advanced/M_SuperGrid_Architectural_Black.uasset" 307
"../../../Reality/Content/SuperGrid/StarterPack/Materials/Functions/UV/UV_CustomTexture.uasset" 308
"../../../Reality/Content/SuperGrid/StarterPack/Source/Textures/T_Hexagon_N.uasset" 309
"../../../Reality/Content/SuperGrid/StarterPack/Source/Textures/T_HexagonRandom.uasset" 310
"../../../Reality/Content/SuperGrid/StarterPack/Tutorial/Utility/Misc/PhysMat_Plastic.uasset" 311
"../../../Reality/Content/SuperGrid/StarterPack/Materials/Base/M_SuperGrid_Hexagon.uasset" 312
"../../../Reality/Content/SuperGrid/StarterPack/Materials/Palette/Advanced/M_SuperGrid_HexagonOrange.uasset" 313
"../../../Reality/Content/SuperGrid/StarterPack/Materials/Palette/Advanced/M_SuperGrid_HexagonOrangeC.uasset" 314
"../../../Reality/Content/SuperGrid/StarterPack/Materials/Palette/Advanced/M_SuperGrid_HexagonRed.uasset" 315
"../../../Engine/Content/Functions/Engine_MaterialFunctions02/Utility/BreakOutFloat2Components.uasset" 316
"../../../Reality/Content/SuperGrid/StarterPack/Source/Textures/T_CustomMetal_M.uasset" 317
"../../../Reality/Content/SuperGrid/StarterPack/Source/Textures/T_CustomMetal_N.uasset" 318
"../../../Reality/Content/SuperGrid/StarterPack/Tutorial/Utility/Misc/PhysMat_Metal.uasset" 319
"../../../Reality/Content/SuperGrid/StarterPack/Materials/Base/M_SuperGrid_MetalCustom.uasset" 320
"../../../Reality/Content/SuperGrid/StarterPack/Materials/Palette/Advanced/M_SuperGrid_MetalBar_Dark.uasset" 321
"../../../Reality/Content/SuperGrid/StarterPack/Materials/Palette/Advanced/M_SuperGrid_MetalBar_White.uasset" 322
"../../../Reality/Content/SuperGrid/StarterPack/Source/Textures/T_Panels_M.uasset" 323
"../../../Reality/Content/SuperGrid/StarterPack/Source/Textures/T_Panels_N.uasset" 324
"../../../Reality/Content/SuperGrid/StarterPack/Materials/Base/M_SuperGrid_PanelCustom.uasset" 325
"../../../Reality/Content/SuperGrid/StarterPack/Materials/Palette/Advanced/M_SuperGrid_PanelDark.uasset" 326
"../../../Reality/Content/SuperGrid/StarterPack/Materials/Palette/Advanced/M_SuperGrid_PanelRed.uasset" 327
"../../../Reality/Content/SuperGrid/StarterPack/Materials/Palette/Advanced/M_SuperGrid_PanelWhite.uasset" 328
"../../../Engine/Content/Functions/Engine_MaterialFunctions02/Utility/LinearSine.uasset" 329
"../../../Reality/Content/SuperGrid/StarterPack/Source/Textures/T_DotGrid_M.uasset" 330
"../../../Reality/Content/SuperGrid/StarterPack/Source/Textures/T_DotGrid_N.uasset" 331
"../../../Reality/Content/SuperGrid/StarterPack/Materials/Base/M_SuperGrid_Glowing_MultiColor.uasset" 332
"../../../Reality/Content/SuperGrid/StarterPack/Materials/Palette/Basic/M_SuperGrid_MetalDark3.uasset" 333
"../../../Engine/Content/Functions/Engine_MaterialFunctions02/Utility/Sine_Remapped.uasset" 334
"../../../Reality/Content/SuperGrid/StarterPack/Materials/Functions/UV/UV_CustomPanner.uasset" 335
"../../../Reality/Content/SuperGrid/StarterPack/Source/Textures/T_Distortion_N.uasset" 336
"../../../Reality/Content/SuperGrid/StarterPack/Materials/Base/M_SuperGrid_HoloRefract.uasset" 337
"../../../Reality/Content/SuperGrid/StarterPack/Materials/Palette/Holographic/M_SuperGrid_HoloRefract_Cyan.uasset" 338
"../../../Reality/Content/SuperGrid/StarterPack/Source/Textures/Templates/T_TemplateGrid.uasset" 339
"../../../Reality/Content/SuperGrid/StarterPack/Source/Textures/Templates/T_TemplateHuman.uasset" 340
"../../../Reality/Content/SuperGrid/StarterPack/Materials/Base/M_SuperGrid_Template.uasset" 341
"../../../Reality/Content/SuperGrid/StarterPack/Source/Textures/Templates/T_TemplateBarrel.uasset" 342
"../../../Reality/Content/SuperGrid/StarterPack/Materials/Palette/Templates/M_SuperGrid_Barrel.uasset" 343
"../../../Reality/Content/SuperGrid/StarterPack/Source/Textures/Templates/T_TemplateLlama.uasset" 344
"../../../Reality/Content/SuperGrid/StarterPack/Materials/Palette/Templates/M_SuperGrid_Llama.uasset" 345
"../../../Reality/Content/SuperGrid/StarterPack/Materials/Palette/Templates/M_SuperGrid_Te_Human.uasset" 346
"../../../Reality/Content/SuperGrid/StarterPack/Source/Meshes/SuperGrid_Arch1.uasset" 347
"../../../Reality/Content/SuperGrid/StarterPack/Source/Meshes/SuperGrid_Arch2.uasset" 348
"../../../Reality/Content/SuperGrid/StarterPack/Source/Meshes/SuperGrid_BoxHighRes.uasset" 349
"../../../Reality/Content/SuperGrid/StarterPack/Source/Meshes/SuperGrid_Cone.uasset" 350
"../../../Reality/Content/SuperGrid/StarterPack/Source/Meshes/SuperGrid_CylinderBend.uasset" 351
"../../../Reality/Content/SuperGrid/StarterPack/Source/Meshes/SuperGrid_CylinderHalf.uasset" 352
"../../../Reality/Content/SuperGrid/StarterPack/Source/Meshes/SuperGrid_Pyramide.uasset" 353
"../../../Reality/Content/SuperGrid/StarterPack/Source/Textures/T_BasicGridW_M.uasset" 354
"../../../Reality/Content/SuperGrid/StarterPack/Materials/Palette/Grids/M_SuperGrid_Walkable.uasset" 355
"../../../Reality/Content/SuperGrid/StarterPack/Source/Meshes/SuperGrid_Ramp.uasset" 356
"../../../Reality/Content/SuperGrid/StarterPack/Source/Meshes/SuperGrid_RingFull.uasset" 357
"../../../Reality/Content/SuperGrid/StarterPack/Source/Meshes/SuperGrid_RingPiece.uasset" 358
"../../../Reality/Content/SuperGrid/StarterPack/Source/Meshes/SuperGrid_SlantedBox22.uasset" 359
"../../../Reality/Content/SuperGrid/StarterPack/Source/Meshes/SuperGrid_SlantedBox35.uasset" 360
"../../../Reality/Content/SuperGrid/StarterPack/Source/Meshes/SuperGrid_SlantedBox45.uasset" 361
"../../../Reality/Content/SuperGrid/StarterPack/Source/Meshes/SuperGrid_Slope.uasset" 362
"../../../Reality/Content/SuperGrid/StarterPack/Source/Meshes/SuperGrid_Stairs.uasset" 363
"../../../Reality/Content/SuperGrid/StarterPack/Source/Textures/T_Hexagon_M.uasset" 364
"../../../Reality/Content/SuperGrid/StarterPack/Materials/Base/M_SuperGrid_Holographic.uasset" 365
"../../../Reality/Content/SuperGrid/StarterPack/Tutorial/MaterialInstances/M_Tut_HoloBlue.uasset" 366
"../../../Reality/Content/SuperGrid/StarterPack/Tutorial/MaterialInstances/M_Tut_MetalNeutral.uasset" 367
"../../../Reality/Content/SuperGrid/StarterPack/Source/Textures/T_ModernGrid_M.uasset" 368
"../../../Reality/Content/SuperGrid/StarterPack/Source/Textures/T_ModernGrid_N.uasset" 369
"../../../Reality/Content/SuperGrid/StarterPack/Materials/Base/M_SuperGrid_Modern.uasset" 370
"../../../Reality/Content/SuperGrid/StarterPack/Tutorial/MaterialInstances/M_Tut_WhiteA.uasset" 371
"../../../Reality/Content/SuperGrid/StarterPack/Tutorial/Blueprints/LevelElements/BP_Ceiling.uasset" 372
"../../../Reality/Content/SuperGrid/StarterPack/Materials/Base/M_SuperGrid_MultiColor.uasset" 373
"../../../Reality/Content/SuperGrid/StarterPack/Materials/Palette/Advanced/M_SuperGrid_ModernDark.uasset" 374
"../../../Reality/Content/SuperGrid/StarterPack/Materials/Palette/Advanced/M_SuperGrid_ModernLight.uasset" 375
"../../../Reality/Content/SuperGrid/StarterPack/Materials/Palette/Advanced/M_SuperGrid_ModernNeutral.uasset" 376
"../../../Reality/Content/SuperGrid/StarterPack/Source/Textures/T_StoneGrid_M.uasset" 377
"../../../Reality/Content/SuperGrid/StarterPack/Source/Textures/T_StoneGrid_N.uasset" 378
"../../../Reality/Content/SuperGrid/StarterPack/Materials/Palette/Basic/M_SuperGrid_GlowingLava.uasset" 379
"../../../Reality/Content/SuperGrid/StarterPack/Materials/Palette/Basic/M_SuperGrid_MetalDark.uasset" 380
"../../../Reality/Content/SuperGrid/StarterPack/Materials/Palette/Basic/M_SuperGrid_MetalGlow.uasset" 381
"../../../Reality/Content/SuperGrid/StarterPack/Materials/Palette/Basic/M_SuperGrid_MetalLight.uasset" 382
"../../../Reality/Content/SuperGrid/StarterPack/Materials/Palette/Basic/M_SuperGrid_Soil.uasset" 383
"../../../Reality/Content/SuperGrid/StarterPack/Materials/Palette/Basic/M_SuperGrid_Stone.uasset" 384
"../../../Reality/Content/SuperGrid/StarterPack/Materials/Palette/Grids/M_SuperGrid_BlackSheet.uasset" 385
"../../../Reality/Content/SuperGrid/StarterPack/Materials/Palette/Grids/M_SuperGrid_Chess.uasset" 386
"../../../Reality/Content/SuperGrid/StarterPack/Materials/Palette/Grids/M_SuperGrid_DangerZone.uasset" 387
"../../../Reality/Content/SuperGrid/StarterPack/Materials/Palette/Grids/M_SuperGrid_DoubleColor.uasset" 388
"../../../Reality/Content/SuperGrid/StarterPack/Materials/Palette/Grids/M_SuperGrid_White.uasset" 389
"../../../Reality/Content/SuperGrid/StarterPack/Materials/Palette/Holographic/M_SuperGrid_Holo_Color.uasset" 390
"../../../Reality/Content/SuperGrid/StarterPack/Materials/Palette/Holographic/M_SuperGrid_Holo_Mono.uasset" 391
"../../../Reality/Content/SuperGrid/StarterPack/Tutorial/MaterialInstances/M_Tut_BigGrid.uasset" 392
"../../../Reality/Content/SuperGrid/StarterPack/Tutorial/MaterialInstances/M_Tut_BlueB.uasset" 393
"../../../Reality/Content/SuperGrid/StarterPack/Tutorial/MaterialInstances/M_Tut_DangerZone.uasset" 394
"../../../Reality/Content/SuperGrid/StarterPack/Tutorial/MaterialInstances/M_Tut_Holo_Tiny.uasset" 395
"../../../Reality/Content/SuperGrid/StarterPack/Tutorial/Utility/Materials/M_Utility_Light.uasset" 396
"../../../Reality/Content/SuperGrid/StarterPack/Tutorial/MaterialInstances/M_Tut_LightB.uasset" 397
"../../../Reality/Content/SuperGrid/StarterPack/Tutorial/MaterialInstances/M_Tut_LightC.uasset" 398
"../../../Reality/Content/SuperGrid/StarterPack/Tutorial/MaterialInstances/M_Tut_MetalCyanA.uasset" 399
"../../../Reality/Content/SuperGrid/StarterPack/Tutorial/MaterialInstances/M_Tut_MetalCyanB.uasset" 400
"../../../Reality/Content/SuperGrid/StarterPack/Tutorial/MaterialInstances/M_Tut_MetalOrange.uasset" 401
"../../../Reality/Content/SuperGrid/StarterPack/Tutorial/MaterialInstances/M_Tut_Oriented.uasset" 402
"../../../Reality/Content/SuperGrid/StarterPack/Tutorial/MaterialInstances/M_Tut_Red.uasset" 403
"../../../Reality/Content/SuperGrid/StarterPack/Tutorial/MaterialInstances/M_Tut_RetroA.uasset" 404
"../../../Reality/Content/SuperGrid/StarterPack/Tutorial/MaterialInstances/M_Tut_RetroB.uasset" 405
"../../../Reality/Content/SuperGrid/StarterPack/Tutorial/MaterialInstances/M_Tut_Rocky.uasset" 406
"../../../Reality/Content/SuperGrid/StarterPack/Tutorial/MaterialInstances/M_Tut_SmallGrid.uasset" 407
"../../../Reality/Content/SuperGrid/StarterPack/Tutorial/Utility/Materials/M_Utility_Channel.uasset" 408
"../../../Reality/Content/SuperGrid/StarterPack/Tutorial/Utility/MaterialInstances/M_Utility_Channel_B_4.uasset" 409
"../../../Reality/Content/SuperGrid/StarterPack/Tutorial/Utility/MaterialInstances/M_Utility_Channel_R.uasset" 410
"../../../Reality/Content/SuperGrid/StarterPack/Tutorial/SoundEffects/Attenuation_Portals.uasset" 411
"../../../Reality/Content/SuperGrid/StarterPack/Tutorial/SoundEffects/Cue_Portals.uasset" 412
"../../../Reality/Content/SuperGrid/StarterPack/Tutorial/Utility/Meshes/Utility_SmallRing.uasset" 413
"../../../Reality/Content/SuperGrid/StarterPack/Tutorial/Blueprints/LevelElements/BP_Conveyor.uasset" 414
"../../../Reality/Content/SuperGrid/StarterPack/Tutorial/MaterialInstances/M_Tut_WhiteB.uasset" 415
"../../../Reality/Content/SuperGrid/StarterPack/Source/Meshes/SuperGrid_CornerInner.uasset" 416
"../../../Reality/Content/SuperGrid/StarterPack/Source/Meshes/SuperGrid_CornerOuter.uasset" 417
"../../../Reality/Content/SuperGrid/StarterPack/Source/Meshes/SuperGrid_CylinderQuarter.uasset" 418
"../../../Reality/Content/SuperGrid/StarterPack/Source/Meshes/SuperGrid_RingQuarter.uasset" 419
"../../../Reality/Content/SuperGrid/StarterPack/Tutorial/Blueprints/LevelElements/BP_Corner.uasset" 420
"../../../Reality/Content/SuperGrid/StarterPack/Tutorial/Blueprints/LevelElements/BP_DemoScale.uasset" 421
"../../../Reality/Content/SuperGrid/StarterPack/Tutorial/Utility/Misc/Curve_ElevatorDown.uasset" 422
"../../../Reality/Content/SuperGrid/StarterPack/Tutorial/Utility/Misc/Curve_ElevatorUp.uasset" 423
"../../../Reality/Content/SuperGrid/StarterPack/Tutorial/MaterialInstances/M_Tut_Platform.uasset" 424
"../../../Reality/Content/SuperGrid/StarterPack/Source/Meshes/SuperGrid_Hexagon.uasset" 425
"../../../Reality/Content/SuperGrid/StarterPack/Tutorial/SoundEffects/Attenuation_Default.uasset" 426
"../../../Reality/Content/SuperGrid/StarterPack/Tutorial/SoundEffects/MechClamp.uasset" 427
"../../../Reality/Content/SuperGrid/StarterPack/Tutorial/SoundEffects/Cue_Lift.uasset" 428
"../../../Reality/Content/SuperGrid/StarterPack/Tutorial/Blueprints/LevelElements/BP_Elevator.uasset" 429
"../../../Engine/Content/Functions/Engine_MaterialFunctions01/Opacity/CameraDepthFade.uasset" 430
"../../../Engine/Content/EngineMaterials/T_Default_Material_Grid_M.uasset" 431
"../../../Engine/Content/EngineMaterials/T_Default_Material_Grid_N.uasset" 432
"../../../Engine/Content/EngineMaterials/WorldGridMaterial.uasset" 433
"../../../Engine/Content/BasicShapes/Cube.uasset" 434
"../../../Reality/Content/SuperGrid/StarterPack/Tutorial/Blueprints/LevelElements/BP_FloatingCube.uasset" 435
"../../../Reality/Content/SuperGrid/StarterPack/Tutorial/Utility/Materials/M_HoloLightFunction.uasset" 436
"../../../Reality/Content/SuperGrid/StarterPack/Tutorial/Utility/Materials/M_Utility_Refract.uasset" 437
"../../../Reality/Content/SuperGrid/StarterPack/Tutorial/MaterialInstances/M_Tut_HoloA.uasset" 438
"../../../Reality/Content/SuperGrid/StarterPack/Tutorial/MaterialInstances/M_Tut_HoloB.uasset" 439
"../../../Reality/Content/SuperGrid/StarterPack/Tutorial/MaterialInstances/M_Tut_HoloC.uasset" 440
"../../../Reality/Content/SuperGrid/StarterPack/Tutorial/Utility/Materials/M_LightCone.uasset" 441
"../../../Reality/Content/SuperGrid/StarterPack/Tutorial/Utility/Materials/M_LightCone_Red.uasset" 442
"../../../Engine/Content/EngineMaterials/DefaultMaterial.uasset" 443
"../../../Engine/Content/BasicShapes/Sphere.uasset" 444
"../../../Engine/Content/Functions/Engine_MaterialFunctions01/Coordinates/PixelInWorldUnits.uasset" 445
"../../../Engine/Content/Functions/Engine_MaterialFunctions01/Coordinates/WorldUnitsInPixel.uasset" 446
"../../../Engine/Content/Functions/Engine_MaterialFunctions03/Particles/ParticleDOF.uasset" 447
"../../../Reality/Content/SuperGrid/StarterPack/Tutorial/Utility/Materials/M_SquareParticle.uasset" 448
"../../../Reality/Content/SuperGrid/StarterPack/Tutorial/Particles/P_Sphere.uasset" 449
"../../../Reality/Content/SuperGrid/StarterPack/Tutorial/SoundEffects/Attenuation_Orb.uasset" 450
"../../../Reality/Content/SuperGrid/StarterPack/Tutorial/SoundEffects/Cinematic_deep_tremor.uasset" 451
"../../../Reality/Content/SuperGrid/StarterPack/Tutorial/MaterialInstances/M_Tut_Default.uasset" 452
"../../../Reality/Content/SuperGrid/StarterPack/Tutorial/Utility/Meshes/Utility_CylinderTop.uasset" 453
"../../../Reality/Content/SuperGrid/StarterPack/Tutorial/Blueprints/LevelElements/BP_FloatingSphere.uasset" 454
"../../../Reality/Content/SuperGrid/StarterPack/Tutorial/Blueprints/LevelElements/BP_Floor.uasset" 455
"../../../Reality/Content/SuperGrid/StarterPack/Tutorial/MaterialInstances/M_Tut_LightA.uasset" 456
"../../../Reality/Content/SuperGrid/StarterPack/Tutorial/Blueprints/LevelElements/BP_Lamp.uasset" 457
"../../../Engine/Content/EngineFonts/RobotoDistanceField.uasset" 458
"../../../Reality/Content/SuperGrid/StarterPack/Tutorial/Utility/Misc/HighlightFont.uasset" 459
"../../../Reality/Content/SuperGrid/StarterPack/Tutorial/Utility/Materials/M_Utility_Helper.uasset" 460
"../../../Reality/Content/SuperGrid/StarterPack/Tutorial/Utility/Materials/M_Utility_Helper_Disabled.uasset" 461
"../../../Reality/Content/SuperGrid/StarterPack/Tutorial/Utility/Materials/M_Utility_Helper_Enabled.uasset" 462
"../../../Reality/Content/SuperGrid/StarterPack/Tutorial/Utility/Textures/T_CircleDecal_A.uasset" 463
"../../../Reality/Content/SuperGrid/StarterPack/Tutorial/Utility/Materials/M_UtilityDecal.uasset" 464
"../../../Reality/Content/SuperGrid/StarterPack/Tutorial/Utility/Materials/M_UtilityDecal_Enabled.uasset" 465
"../../../Reality/Content/SuperGrid/StarterPack/Tutorial/SoundEffects/ShortPing.uasset" 466
"../../../Reality/Content/SuperGrid/StarterPack/Tutorial/SoundEffects/Cue_Transition.uasset" 467
"../../../Reality/Content/SuperGrid/StarterPack/Tutorial/Utility/Meshes/Utility_ExclamationMark.uasset" 468
"../../../Reality/Content/SuperGrid/StarterPack/Tutorial/Blueprints/LevelElements/BP_LearningPoint.uasset" 469
"../../../Reality/Content/SuperGrid/StarterPack/Tutorial/Utility/Meshes/Utility_LightCone.uasset" 470
"../../../Reality/Content/SuperGrid/StarterPack/Tutorial/Blueprints/LevelElements/BP_LightSphere.uasset" 471
"../../../Reality/Content/SuperGrid/StarterPack/Tutorial/MaterialInstances/M_Tut_BlueA.uasset" 472
"../../../Reality/Content/SuperGrid/StarterPack/Tutorial/SoundEffects/MechClank.uasset" 473
"../../../Reality/Content/SuperGrid/StarterPack/Tutorial/Blueprints/LevelElements/BP_Platform.uasset" 474
"../../../Reality/Content/SuperGrid/StarterPack/Tutorial/Utility/Materials/M_StarParticle.uasset" 475
"../../../Reality/Content/SuperGrid/StarterPack/Tutorial/Utility/Textures/T_StarCircle.uasset" 476
"../../../Reality/Content/SuperGrid/StarterPack/Tutorial/Utility/Materials/M_Utility_StarCircle.uasset" 477
"../../../Reality/Content/SuperGrid/StarterPack/Tutorial/Particles/P_Star.uasset" 478
"../../../Reality/Content/SuperGrid/StarterPack/Tutorial/Blueprints/LevelElements/BP_RateStar.uasset" 479
"../../../Reality/Content/SuperGrid/StarterPack/Tutorial/Utility/Misc/Curve_Transition.uasset" 480
"../../../Reality/Content/SuperGrid/StarterPack/Tutorial/Utility/Meshes/Utility_Helper.uasset" 481
"../../../Reality/Content/SuperGrid/StarterPack/Tutorial/Blueprints/LevelElements/BP_Showcase.uasset" 482
"../../../Reality/Content/SuperGrid/StarterPack/Tutorial/Utility/Materials/M_Utility_Helper_Inst2.uasset" 483
"../../../Reality/Content/SuperGrid/StarterPack/Tutorial/Utility/Meshes/Utility_GroundBox.uasset" 484
"../../../Reality/Content/SuperGrid/StarterPack/Tutorial/Utility/Meshes/Utility_ShowBox.uasset" 485
"../../../Reality/Content/SuperGrid/StarterPack/Tutorial/Blueprints/LevelElements/BP_ShowCase_B.uasset" 486
"../../../Reality/Content/SuperGrid/StarterPack/Tutorial/Blueprints/LevelElements/BP_SuperGridLogo.uasset" 487
"../../../Reality/Content/SuperGrid/StarterPack/Tutorial/Utility/MaterialInstances/M_Utility_Channel_B.uasset" 488
"../../../Reality/Content/SuperGrid/StarterPack/Tutorial/Utility/MaterialInstances/M_Utility_Channel_B_2.uasset" 489
"../../../Reality/Content/SuperGrid/StarterPack/Tutorial/Utility/MaterialInstances/M_Utility_Channel_B_3.uasset" 490
"../../../Reality/Content/SuperGrid/StarterPack/Tutorial/Utility/MaterialInstances/M_Utility_Channel_G.uasset" 491
"../../../Reality/Content/SuperGrid/StarterPack/Tutorial/Utility/MaterialInstances/M_Utility_Channel_G_2.uasset" 492
"../../../Reality/Content/SuperGrid/StarterPack/Tutorial/Utility/MaterialInstances/M_Utility_Channel_G_3.uasset" 493
"../../../Reality/Content/SuperGrid/StarterPack/Tutorial/Utility/MaterialInstances/M_Utility_Channel_G_4.uasset" 494
"../../../Reality/Content/SuperGrid/StarterPack/Tutorial/Utility/MaterialInstances/M_Utility_Channel_R_2.uasset" 495
"../../../Reality/Content/SuperGrid/StarterPack/Tutorial/Utility/MaterialInstances/M_Utility_Channel_R_3.uasset" 496
"../../../Reality/Content/SuperGrid/StarterPack/Tutorial/Utility/MaterialInstances/M_Utility_Channel_R_4.uasset" 497
"../../../Reality/Content/SuperGrid/StarterPack/Tutorial/Utility/MaterialInstances/M_Utility_Channel_Rough.uasset" 498
"../../../Reality/Content/SuperGrid/StarterPack/Tutorial/Utility/MaterialInstances/M_Utility_Channel_Rough_2.uasset" 499
"../../../Reality/Content/SuperGrid/StarterPack/Tutorial/Utility/MaterialInstances/M_Utility_Channel_Rough_3.uasset" 500
"../../../Reality/Content/SuperGrid/StarterPack/Tutorial/Utility/MaterialInstances/M_Utility_Channel_Rough_4.uasset" 501
"../../../Reality/Content/SuperGrid/StarterPack/Source/Meshes/SuperGrid_Plane.uasset" 502
"../../../Reality/Content/SuperGrid/StarterPack/Tutorial/Blueprints/LevelElements/BP_TextureShowcase.uasset" 503
"../../../Reality/Content/SuperGrid/StarterPack/Tutorial/Blueprints/LevelElements/BP_Walls.uasset" 504
"../../../Reality/Content/SuperGrid/StarterPack/Tutorial/Blueprints/LevelElements/BP_WallsWindowed.uasset" 505
"../../../Reality/Content/SuperGrid/StarterPack/Tutorial/Blueprints/UserInterface/S_UpdateNotes.uasset" 506
"../../../Reality/Content/SuperGrid/StarterPack/Tutorial/Blueprints/UserInterface/Update_Notes_11.uasset" 507
"../../../Reality/Content/SuperGrid/StarterPack/Tutorial/Blueprints/UserInterface/updatenotes_101.uasset" 508
"../../../Reality/Content/SuperGrid/StarterPack/Tutorial/Blueprints/UserInterface/updatenotes_102.uasset" 509
"../../../Reality/Content/SuperGrid/StarterPack/Tutorial/Blueprints/UserInterface/W_ChangeLog_Item.uasset" 510
"../../../Reality/Content/SuperGrid/StarterPack/Tutorial/Blueprints/UserInterface/W_ChangeLog.uasset" 511
"../../../Reality/Content/SuperGrid/StarterPack/Tutorial/Blueprints/UserInterface/BP_ChangeLog.uasset" 512
"../../../Reality/Content/SuperGrid/StarterPack/Tutorial/MaterialInstances/M_PureBlack.uasset" 513
"../../../Reality/Content/SuperGrid/StarterPack/Tutorial/MaterialInstances/M_TutHex.uasset" 514
"../../../Reality/Content/SuperGrid/StarterPack/Tutorial/MaterialInstances/M_TutHexB.uasset" 515
"../../../Reality/Content/SuperGrid/StarterPack/Tutorial/MaterialInstances/M_TutOrient.uasset" 516
"../../../Reality/Content/SuperGrid/StarterPack/Tutorial/MaterialInstances/M_Tut_BlackA.uasset" 517
"../../../Reality/Content/SuperGrid/StarterPack/Tutorial/MaterialInstances/M_Tut_BlackB.uasset" 518
"../../../Reality/Content/SuperGrid/StarterPack/Tutorial/MaterialInstances/M_Tut_BlackC.uasset" 519
"../../../Reality/Content/SuperGrid/StarterPack/Tutorial/MaterialInstances/M_Tut_HoloD.uasset" 520
"../../../Reality/Content/SuperGrid/StarterPack/Tutorial/MaterialInstances/M_Tut_LightD.uasset" 521
"../../../Reality/Content/SuperGrid/StarterPack/Tutorial/MaterialInstances/M_Tut_LightE.uasset" 522
"../../../Reality/Content/SuperGrid/StarterPack/Tutorial/MaterialInstances/M_Tut_LightRed.uasset" 523
"../../../Reality/Content/SuperGrid/StarterPack/Tutorial/MaterialInstances/M_Tut_PlateB.uasset" 524
"../../../Reality/Content/SuperGrid/StarterPack/Tutorial/MaterialInstances/M_Tut_RedB.uasset" 525
"../../../Reality/Content/SuperGrid/StarterPack/Tutorial/MaterialInstances/M_Tut_Redc.uasset" 526
"../../../Engine/Content/Functions/Engine_MaterialFunctions01/Gradient/SphereGradient-2D.uasset" 527
"../../../Reality/Content/SuperGrid/StarterPack/Tutorial/Utility/Materials/M_Particles_Lit.uasset" 528
"../../../Reality/Content/SuperGrid/StarterPack/Tutorial/Utility/Misc/VF_Turbulance.uasset" 529
"../../../Reality/Content/SuperGrid/StarterPack/Tutorial/Particles/P_LightPillar.uasset" 530
"../../../Reality/Content/SuperGrid/StarterPack/Tutorial/Utility/Materials/M_SquareParticleGlow.uasset" 531
"../../../Reality/Content/SuperGrid/StarterPack/Tutorial/Particles/P_Portal.uasset" 532
"../../../Reality/Content/SuperGrid/StarterPack/Tutorial/Particles/P_VolumeDust.uasset" 533
"../../../Reality/Content/SuperGrid/StarterPack/Tutorial/Particles/P_VolumeDustB.uasset" 534
"../../../Reality/Content/SuperGrid/StarterPack/Tutorial/SoundEffects/Attenuation_Ambient.uasset" 535
"../../../Reality/Content/SuperGrid/StarterPack/Tutorial/SoundEffects/Attenuation_Distant.uasset" 536
"../../../Reality/Content/SuperGrid/StarterPack/Tutorial/SoundEffects/Cinematic_deep_rumble.uasset" 537
"../../../Reality/Content/SuperGrid/StarterPack/Tutorial/SoundEffects/SimpleChop_B.uasset" 538
"../../../Reality/Content/SuperGrid/StarterPack/Tutorial/SoundEffects/Cue_DoubleJump.uasset" 539
"../../../Reality/Content/SuperGrid/StarterPack/Tutorial/SoundEffects/distant-explosion-a.uasset" 540
"../../../Reality/Content/SuperGrid/StarterPack/Tutorial/SoundEffects/distant-explosion-b.uasset" 541
"../../../Reality/Content/SuperGrid/StarterPack/Tutorial/SoundEffects/Cue_Explosions.uasset" 542
"../../../Reality/Content/SuperGrid/StarterPack/Tutorial/SoundEffects/Footstep_Stone1_0.uasset" 543
"../../../Reality/Content/SuperGrid/StarterPack/Tutorial/SoundEffects/Footstep_Stone2_0.uasset" 544
"../../../Reality/Content/SuperGrid/StarterPack/Tutorial/SoundEffects/Cue_Footstep.uasset" 545
"../../../Reality/Content/SuperGrid/StarterPack/Tutorial/SoundEffects/Cue_Jump.uasset" 546
"../../../Reality/Content/SuperGrid/StarterPack/Tutorial/SoundEffects/Footstep_Concrete_0.uasset" 547
"../../../Reality/Content/SuperGrid/StarterPack/Tutorial/SoundEffects/Cue_Landing.uasset" 548
"../../../Reality/Content/SuperGrid/StarterPack/Tutorial/SoundEffects/Cue_MetalStep.uasset" 549
"../../../Reality/Content/SuperGrid/StarterPack/Tutorial/SoundEffects/DigitalWhoosh_Soft.uasset" 550
"../../../Reality/Content/SuperGrid/StarterPack/Tutorial/SoundEffects/Erokia_Elementary_Wave.uasset" 551
"../../../Reality/Content/SuperGrid/StarterPack/Tutorial/SoundEffects/MetalStepB.uasset" 552
"../../../Reality/Content/SuperGrid/StarterPack/Tutorial/SoundEffects/PingBing.uasset" 553
"../../../Reality/Content/SuperGrid/StarterPack/Tutorial/SoundEffects/SimpleChop_A.uasset" 554
"../../../Engine/Content/Functions/Engine_MaterialFunctions02/ExampleContent/Textures/flipbook.uasset" 555
"../../../Engine/Content/Functions/Engine_MaterialFunctions02/Texturing/FlipBook.uasset" 556
"../../../Engine/Content/EditorResources/T_EditorHelp.uasset" 557
"../../../Reality/Content/SuperGrid/StarterPack/Tutorial/Utility/M_Tut_DocMaterial.uasset" 558
"../../../Reality/Content/SuperGrid/StarterPack/Tutorial/Utility/Materials/M_LightColumn.uasset" 559
"../../../Reality/Content/SuperGrid/StarterPack/Tutorial/Utility/Materials/M_LightColumnRed.uasset" 560
"../../../Reality/Content/SuperGrid/StarterPack/Tutorial/Utility/Materials/M_LightPillar.uasset" 561
"../../../Reality/Content/SuperGrid/StarterPack/Tutorial/Utility/Materials/M_UtilityDecal_Disabled.uasset" 562
"../../../Reality/Content/SuperGrid/StarterPack/Tutorial/Utility/Materials/M_Utility_DemoFloat.uasset" 563
"../../../Reality/Content/SuperGrid/StarterPack/Tutorial/Utility/Materials/M_Utility_Grid.uasset" 564
"../../../Reality/Content/SuperGrid/StarterPack/Tutorial/Utility/Materials/M_Utility_LightPulse.uasset" 565
"../../../Reality/Content/SuperGrid/StarterPack/Tutorial/Utility/Materials/M_Utility_LightPulse_Inst.uasset" 566
"../../../Reality/Content/SuperGrid/StarterPack/Tutorial/Utility/Materials/M_Utility_Refract_Inst.uasset" 567
"../../../Reality/Content/SuperGrid/StarterPack/Tutorial/Utility/Misc/LUT_Chamber102.uasset" 568
"../../../Reality/Content/SuperGrid/StarterPack/Tutorial/Utility/Misc/LUT_CorridorA.uasset" 569
"../../../Reality/Content/SuperGrid/StarterPack/Tutorial/Utility/Misc/Lut_CorridorB.uasset" 570
"../../../Reality/Content/SuperGrid/StarterPack/Tutorial/Utility/Misc/Reverb_Cellar.uasset" 571
"../../../Reality/Content/SuperGrid/StarterPack/Tutorial/Utility/Misc/Shake_Landing_Normal.uasset" 572
"../../../Reality/Content/SuperGrid/StarterPack/Tutorial/Utility/Misc/Shake_Landing_Weak.uasset" 573
"../../../Reality/Content/SuperGrid/StarterPack/Tutorial/Utility/Textures/T_Bloom_A.uasset" 574
"../../../Reality/Content/SuperGrid/StarterPack/Tutorial/Utility/Textures/T_Bokeh_A.uasset" 575
"../../../Reality/Content/SuperGrid/StarterPack/Tutorial/Utility/Textures/T_Crosshair_A.uasset" 576
"../../../Engine/Content/BasicShapes/Cone.uasset" 577
"../../../Engine/Content/BasicShapes/Cylinder.uasset" 578
"../../../Engine/Content/BasicShapes/Plane.uasset" 579
"../../../Engine/Content/EditorLandscapeResources/DataLayer.uasset" 580
"../../../Engine/Content/EditorMaterials/GizmoMaterial.uasset" 581
"../../../Engine/Content/EditorMaterials/MAT_Groups_Toggle.uasset" 582
"../../../Engine/Content/EditorMaterials/MAT_Groups_Visibility.uasset" 583
"../../../Engine/Content/EditorMaterials/PreviewShadowIndicator.uasset" 584
"../../../Engine/Content/EditorMaterials/PreviewShadowIndicatorMaterial.uasset" 585
"../../../Engine/Content/EditorMaterials/MatineeGroups/MAT_ColorTrack.uasset" 586
"../../../Engine/Content/EditorMaterials/MatineeGroups/MAT_Groups_Anim.uasset" 587
"../../../Engine/Content/EditorMaterials/MatineeGroups/MAT_Groups_AudioMaster.uasset" 588
"../../../Engine/Content/EditorMaterials/MatineeGroups/MAT_Groups_Director.uasset" 589
"../../../Engine/Content/EditorMaterials/MatineeGroups/MAT_Groups_Event.uasset" 590
"../../../Engine/Content/EditorMaterials/MatineeGroups/MAT_Groups_Fade.uasset" 591
"../../../Engine/Content/EditorMaterials/MatineeGroups/MAT_Groups_Float.uasset" 592
"../../../Engine/Content/EditorMaterials/MatineeGroups/MAT_Groups_Move.uasset" 593
"../../../Engine/Content/EditorMaterials/MatineeGroups/MAT_Groups_Slomo.uasset" 594
"../../../Engine/Content/EditorMaterials/MatineeGroups/MAT_Groups_Sound.uasset" 595
"../../../Engine/Content/EditorMaterials/MatineeGroups/MAT_Groups_Vector.uasset" 596
"../../../Engine/Content/EditorMaterials/ParticleSystems/PSysThumbnail_NoImage.uasset" 597
"../../../Engine/Content/EditorMaterials/ParticleSystems/PSysThumbnail_OOD.uasset" 598
"../../../Engine/Content/EditorMaterials/Camera/CineMat.uasset" 599
"../../../Engine/Content/EditorMaterials/Camera/MI_CineMat_Rig.uasset" 600
"../../../Engine/Content/EditorMeshes/Camera/SM_CraneRig_Arm.uasset" 601
"../../../Engine/Content/EditorMeshes/Camera/SM_CraneRig_Base.uasset" 602
"../../../Engine/Content/EditorMeshes/Camera/SM_CraneRig_Body.uasset" 603
"../../../Engine/Content/EditorMeshes/Camera/SM_CraneRig_Mount.uasset" 604
"../../../Engine/Content/EditorMeshes/Camera/SM_RailRig_Mount.uasset" 605
"../../../Engine/Content/EditorMeshes/Camera/SM_RailRig_Track.uasset" 606
"../../../Engine/Content/EditorResources/BSPVertex.uasset" 607
"../../../Engine/Content/EditorResources/EmptyActor.uasset" 608
"../../../Engine/Content/EditorResources/S_Actor.uasset" 609
"../../../Engine/Content/EditorResources/S_Trigger.uasset" 610
"../../../Engine/Content/EditorResources/AudioIcons/S_AudioComponent.uasset" 611
"../../../Engine/Content/EditorResources/AudioIcons/S_AudioComponent_AutoActivate.uasset" 612
"../../../Engine/Content/EditorResources/LightIcons/S_LightError.uasset" 613
"../../../Engine/Content/EditorResources/SequenceRecorder/Countdown.uasset" 614
"../../../Engine/Content/EditorResources/SequenceRecorder/RecordingIndicator.uasset" 615
"../../../Engine/Content/EditorSounds/Notifications/CompileFailed.uasset" 616
"../../../Engine/Content/EditorSounds/Notifications/CompileFailed_Cue.uasset" 617
"../../../Engine/Content/EditorSounds/Notifications/CompileSuccess.uasset" 618
"../../../Engine/Content/EditorSounds/Notifications/CompileStart_Cue.uasset" 619
"../../../Engine/Content/EditorSounds/Notifications/CompileSuccess_Cue.uasset" 620
"../../../Engine/Content/EngineDamageTypes/DmgTypeBP_Environmental.uasset" 621
"../../../Engine/Content/EngineDebugMaterials/HeatmapGradient.uasset" 622
"../../../Engine/Content/EngineDebugMaterials/BoneWeightMaterial.uasset" 623
"../../../Engine/Content/EngineDebugMaterials/ClothMaterial.uasset" 624
"../../../Engine/Content/EngineDebugMaterials/ClothMaterial_WF.uasset" 625
"../../../Engine/Content/EngineDebugMaterials/DebugEditorMaterial.uasset" 626
"../../../Engine/Content/EngineDebugMaterials/DebugMeshMaterial.uasset" 627
"../../../Engine/Content/EngineDebugMaterials/GeomMaterial.uasset" 628
"../../../Engine/Content/EngineFonts/Faces/RobotoBold.uasset" 629
"../../../Engine/Content/EngineFonts/Faces/RobotoBoldItalic.uasset" 630
"../../../Engine/Content/EngineFonts/Faces/RobotoItalic.uasset" 631
"../../../Engine/Content/EngineFonts/Faces/RobotoLight.uasset" 632
"../../../Engine/Content/EngineFonts/Faces/RobotoRegular.uasset" 633
"../../../Engine/Content/EngineFonts/Roboto.uasset" 634
"../../../Engine/Content/EngineFonts/Faces/RobotoTiny.uasset" 635
"../../../Engine/Content/EngineFonts/RobotoTiny.uasset" 636
"../../../Engine/Content/EngineMaterials/DefaultBloomKernel.uasset" 637
"../../../Engine/Content/EngineMaterials/DefaultBokeh.uasset" 638
"../../../Engine/Content/EngineMaterials/DefaultDiffuse.uasset" 639
"../../../Engine/Content/EngineMaterials/DefaultDeferredDecalMaterial.uasset" 640
"../../../Engine/Content/EngineMaterials/DefaultLightFunctionMaterial.uasset" 641
"../../../Engine/Content/EngineMaterials/DefaultPhysicalMaterial.uasset" 642
"../../../Engine/Content/EngineMaterials/DefaultPostProcessMaterial.uasset" 643
"../../../Engine/Content/EngineMaterials/DefaultTextMaterialOpaque.uasset" 644
"../../../Engine/Content/EngineMaterials/DefaultWhiteGrid.uasset" 645
"../../../Engine/Content/EngineMaterials/EditorBrushMaterial.uasset" 646
"../../../Engine/Content/EngineMaterials/Good64x64TilingNoiseHighFreq.uasset" 647
"../../../Engine/Content/EngineMaterials/MiniFont.uasset" 648
"../../../Engine/Content/EngineMaterials/InvalidLightmapSettings.uasset" 649
"../../../Engine/Content/EngineMaterials/M_InvalidLightmapSettings.uasset" 650
"../../../Engine/Content/Functions/Engine_MaterialFunctions02/WorldPositionOffset/CameraOffset.uasset" 651
"../../../Engine/Content/EngineMaterials/PhAT_JointLimitMaterial.uasset" 652
"../../../Engine/Content/EngineMaterials/PreintegratedSkinBRDF.uasset" 653
"../../../Engine/Content/EngineMaterials/RemoveSurfaceMaterial.uasset" 654
"../../../Engine/Content/EngineMaterials/WeightMapPlaceholderTexture.uasset" 655
"../../../Engine/Content/EngineResources/WhiteSquareTexture.uasset" 656
"../../../Engine/Content/EngineMaterials/Widget3DPassThrough.uasset" 657
"../../../Engine/Content/EngineMaterials/Widget3DPassThrough_Masked.uasset" 658
"../../../Engine/Content/EngineMaterials/Widget3DPassThrough_Opaque.uasset" 659
"../../../Engine/Content/EngineMaterials/Widget3DPassThrough_Masked_OneSided.uasset" 660
"../../../Engine/Content/EngineMaterials/Widget3DPassThrough_Opaque_OneSided.uasset" 661
"../../../Engine/Content/EngineMaterials/Widget3DPassThrough_Translucent.uasset" 662
"../../../Engine/Content/EngineMaterials/Widget3DPassThrough_Translucent_OneSided.uasset" 663
"../../../Engine/Content/EngineMeshes/Cube.uasset" 664
"../../../Engine/Content/EngineMeshes/Cylinder.uasset" 665
"../../../Engine/Content/EngineMeshes/Sphere.uasset" 666
"../../../Engine/Content/EngineResources/Black.uasset" 667
"../../../Engine/Content/EngineResources/DefaultTexture.uasset" 668
"../../../Engine/Content/EngineResources/DefaultTextureCube.uasset" 669
"../../../Engine/Content/EngineResources/GradientTexture0.uasset" 670
"../../../Engine/Content/EngineSounds/Master.uasset" 671
"../../../Engine/Content/Functions/Engine_MaterialFunctions01/Shading/ConvertFromDiffSpec.uasset" 672
"../../../Engine/Content/Functions/Engine_MaterialFunctions01/Shading/PowerToRoughness.uasset" 673
"../../../Engine/Content/Maps/Templates/Thumbnails/Default.uasset" 674
"../../../Engine/Content/Maps/Templates/Thumbnails/VR-Basic.uasset" 675
"../../../Engine/Content/MobileResources/T_MobileControls_texture.uasset" 676
"../../../Engine/Content/MobileResources/T_MobileMenu2.uasset" 677
"../../../Engine/Content/MobileResources/HUD/AnalogHat.uasset" 678
"../../../Engine/Content/MobileResources/HUD/VirtualJoystick_Background.uasset" 679
"../../../Engine/Content/MobileResources/HUD/VirtualJoystick_Thumb.uasset" 680
"../../../Engine/Content/MobileResources/HUD/DefaultVirtualJoysticks.uasset" 681
"../../../Engine/Content/MobileResources/HUD/LeftVirtualJoystickOnly.uasset" 682
"../../../Engine/Content/MobileResources/HUD/MobileHUDButton1_off.uasset" 683
"../../../Engine/Content/MobileResources/HUD/MobileHUDButton1_on.uasset" 684
"../../../Engine/Content/MobileResources/HUD/MobileHUDButton2_off.uasset" 685
"../../../Engine/Content/MobileResources/HUD/MobileHUDButton2_on.uasset" 686
"../../../Engine/Content/MobileResources/HUD/MobileHUDButton3.uasset" 687
"../../../Engine/Content/MobileResources/HUD/MobileHUDButtonFire.uasset" 688
"../../../Engine/Content/MobileResources/HUD/MobileHUDDirectionPad.uasset" 689
"../../../Engine/Content/MobileResources/HUD/MobileHUDDirectionPad2.uasset" 690
"../../../Engine/Content/MobileResources/HUD/MobileHUDDirectionPad3.uasset" 691
"../../../Engine/Content/MobileResources/HUD/MobileHUDDirectionStick.uasset" 692
"../../../Engine/Content/MobileResources/HUD/T_Castle_ThumbstickInner.uasset" 693
"../../../Engine/Content/MobileResources/HUD/T_Castle_ThumbstickOutter.uasset" 694
"../../../Engine/Content/Tutorial/ContentIntroCurve.uasset" 695
"../../../Engine/Content/Tutorial/Basics/TutorialAssets/icon_tab_Levels_40x.uasset" 696
"../../../Engine/Content/Tutorial/BlueprintTutorials/TutorialAssets/BlueprintInterface_64x.uasset" 697
"../../../Engine/Content/Tutorial/BlueprintTutorials/TutorialAssets/BlueprintMacroLibrary_64x.uasset" 698
"../../../Engine/Content/Tutorial/BlueprintTutorials/TutorialAssets/Blueprint_64x.uasset" 699
"../../../Engine/Content/Tutorial/BlueprintTutorials/TutorialAssets/Tutorial_BP_Interface.uasset" 700
"../../../Engine/Content/Tutorial/Foliage/TutorialAssets/Foliage.uasset" 701
"../../../Engine/Content/Tutorial/Landscape/TutorialAssets/Landscape.uasset" 702
"../../../Engine/Content/Tutorial/Paper2D/TutorialAssets/Paper2DFlipbook_TutorialIcon.uasset" 703
"../../../Engine/Content/Tutorial/Paper2D/TutorialAssets/Paper2DSprite_TutorialIcon.uasset" 704
"../../../Engine/Content/Tutorial/SubEditors/TutorialAssets/icon_Editor_Preferences_General_40x.uasset" 705
"../../../Engine/Content/Tutorial/SubEditors/TutorialAssets/icon_ShowSkeletalMeshes_40x.uasset" 706
"../../../Engine/Content/Tutorial/SubEditors/TutorialAssets/TutorialMaterial.uasset" 707
"../../../Engine/Content/Tutorial/SubEditors/TutorialAssets/T_SmokeSubUV_8X8.uasset" 708
"../../../Engine/Content/Tutorial/SubEditors/TutorialAssets/T_soft_smoke.uasset" 709
"../../../Engine/Content/Tutorial/SubEditors/TutorialAssets/M_smoke_subUV_blackbody.uasset" 710
"../../../Engine/Content/Tutorial/SubEditors/TutorialAssets/TutorialParticleSystem.uasset" 711
"../../../Engine/Content/VREditor/Devices/Generic/GenericHMDMaterial.uasset" 712
"../../../Engine/Content/VREditor/Devices/Generic/GenericHMD.uasset" 713
"../../../Engine/Content/VREditor/FloatingText/LineMaterial.uasset" 714
"../../../Engine/Content/VREditor/FloatingText/JointSphere.uasset" 715
"../../../Engine/Content/VREditor/FloatingText/LineSegmentCylinder.uasset" 716
"../../../Engine/Content/VREditor/Fonts/VRText_RobotoLarge.uasset" 717
"../../../Engine/Content/VREditor/Fonts/VRTextMaterial.uasset" 718
"../../../Engine/Content/VREditor/Fonts/TranslucentVRTextMaterial.uasset" 719
"../../../Engine/Content/VREditor/LaserPointer/CursorPointer.uasset" 720
"../../../Engine/Content/VREditor/LaserPointer/VR_LaserPower_01.uasset" 721
"../../../Engine/Content/VREditor/TransformGizmo/TransformGizmoMaterial.uasset" 722
"../../../Engine/Content/VREditor/LaserPointer/HoverMaterial.uasset" 723
"../../../Engine/Content/VREditor/TransformGizmo/TranslucentTransformGizmoMaterial.uasset" 724
"../../../Engine/Content/VREditor/LaserPointer/TranslucentHoverMaterial.uasset" 725
"../../../Engine/Content/VREditor/LaserPointer/HoverMesh.uasset" 726
"../../../Engine/Content/VREditor/LaserPointer/LaserPointerMaterial.uasset" 727
"../../../Engine/Content/VREditor/LaserPointer/LaserPointerMaterialInst.uasset" 728
"../../../Engine/Content/VREditor/LaserPointer/TranslucentLaserPointerMaterialInst.uasset" 729
"../../../Engine/Content/VREditor/LaserPointer/LaserPointerMesh.uasset" 730
"../../../Engine/Content/VREditor/LaserPointer/LaserPointerMesh_End.uasset" 731
"../../../Engine/Content/VREditor/LaserPointer/LaserPointerMesh_Start.uasset" 732
"../../../Engine/Content/Functions/Engine_MaterialFunctions02/Math/Transform3x3Matrix.uasset" 733
"../../../Engine/Content/Functions/Engine_MaterialFunctions02/SplitComponents.uasset" 734
"../../../Engine/Content/VREditor/SnapGrid/SnapGridMaterial.uasset" 735
"../../../Engine/Content/VREditor/SnapGrid/SnapGridPlaneMesh.uasset" 736
"../../../Engine/Content/VREditor/Sounds/VR_teleport.uasset" 737
"../../../Engine/Content/VREditor/Sounds/UI/Click_on_Button_Cue.uasset" 738
"../../../Engine/Content/VREditor/Sounds/UI/Dockable_Window_Close.uasset" 739
"../../../Engine/Content/VREditor/Sounds/UI/Dockable_Window_Drop.uasset" 740
"../../../Engine/Content/VREditor/Sounds/UI/Dockable_Window_Open.uasset" 741
"../../../Engine/Content/VREditor/Sounds/UI/Dockable_Window_Pick_Up.uasset" 742
"../../../Engine/Content/VREditor/Sounds/UI/Drop_Item_From_ContentBrowser.uasset" 743
"../../../Engine/Content/VREditor/Sounds/UI/Floating_UI_Open-001.uasset" 744
"../../../Engine/Content/VREditor/Sounds/UI/Gizmo_Handle_Clicked.uasset" 745
"../../../Engine/Content/VREditor/Sounds/UI/Object_PickUp.uasset" 746
"../../../Engine/Content/VREditor/Sounds/UI/Object_Snaps_To_Another_Actor.uasset" 747
"../../../Engine/Content/VREditor/Sounds/UI/Object_Snaps_To_Grid.uasset" 748
"../../../Engine/Content/VREditor/Sounds/UI/Radial_Menu_FadeOut.uasset" 749
"../../../Engine/Content/VREditor/Sounds/UI/Scaling_Down.uasset" 750
"../../../Engine/Content/VREditor/Sounds/UI/Scaling_Up.uasset" 751
"../../../Engine/Content/VREditor/Sounds/UI/Selection_Changes.uasset" 752
"../../../Engine/Content/VREditor/Sounds/UI/Teleport_Mode_Entered.uasset" 753
"../../../Engine/Content/VREditor/Teleport/TeleportDirectionMaterial.uasset" 754
"../../../Engine/Content/VREditor/Teleport/TeleportDirectionMaterial_Inst.uasset" 755
"../../../Engine/Content/VREditor/Teleport/TeleportDirectionMesh.uasset" 756
"../../../Engine/Content/VREditor/TransformGizmo/BoundingBoxCorner.uasset" 757
"../../../Engine/Content/VREditor/TransformGizmo/BoundingBoxEdge.uasset" 758
"../../../Engine/Content/VREditor/TransformGizmo/PlaneTranslationHandle.uasset" 759
"../../../Engine/Content/VREditor/TransformGizmo/RotationHandleFull.uasset" 760
"../../../Engine/Content/VREditor/TransformGizmo/RotationHandleIndicator.uasset" 761
"../../../Engine/Content/VREditor/TransformGizmo/RotationHandleQuarter.uasset" 762
"../../../Engine/Content/VREditor/TransformGizmo/Main.uasset" 763
"../../../Engine/Content/VREditor/TransformGizmo/Xray.uasset" 764
"../../../Engine/Content/VREditor/TransformGizmo/SM_Dialog_Close.uasset" 765
"../../../Engine/Content/VREditor/TransformGizmo/SM_Dialog_Move.uasset" 766
"../../../Engine/Content/VREditor/TransformGizmo/SM_Sequencer_Key.uasset" 767
"../../../Engine/Content/VREditor/TransformGizmo/SM_Sequencer_Node.uasset" 768
"../../../Engine/Content/VREditor/TransformGizmo/StartRotationHandleIndicator.uasset" 769
"../../../Engine/Content/VREditor/TransformGizmo/TranslucentTransformGizmoMaterial_Inst.uasset" 770
"../../../Engine/Content/VREditor/TransformGizmo/TransformGizmoFreeRotation.uasset" 771
"../../../Engine/Content/VREditor/TransformGizmo/TransformGizmoMaterial_Inst.uasset" 772
"../../../Engine/Content/VREditor/TransformGizmo/TranslateArrowHandle.uasset" 773
"../../../Engine/Content/VREditor/TransformGizmo/UniformScaleHandle.uasset" 774
"../../../Engine/Content/VREditor/UI/KeyDiskMaterial.uasset" 775
"../../../Engine/Content/VREditor/UI/DiscMaterial.uasset" 776
"../../../Engine/Content/VREditor/UI/SM_Radial_Disk.uasset" 777
"../../../Engine/Content/VREditor/WorldMovementGrid/SimpleGrid.uasset" 778
"../../../Engine/Content/VREditor/WorldMovementGrid/GridMaterial.uasset" 779
"../../../Engine/Content/Functions/Engine_MaterialFunctions01/Density/ExponentialDensity.uasset" 780
"../../../Engine/Content/VREditor/WorldMovementGrid/GridPostProcess.uasset" 781
"../../../Engine/Content/EditorLandscapeResources/FlattenHeightMat.uasset" 782
"../../../Engine/Content/VREditor/WorldMovementGrid/PlaneMesh.uasset" 783
"../../../Engine/Plugins/2D/Paper2D/Content/PlaceholderTextures/DummySpriteTexture.uasset" 784
"../../../Engine/Plugins/2D/Paper2D/Content/DummySprite.uasset" 785
"../../../Engine/Plugins/2D/Paper2D/Content/DefaultPaperTerrainMaterial.uasset" 786
"../../../Engine/Plugins/2D/Paper2D/Content/DefaultSpriteMaterial.uasset" 787
"../../../Engine/Plugins/2D/Paper2D/Content/MaskedUnlitSpriteMaterial.uasset" 788
"../../../Engine/Plugins/2D/Paper2D/Content/OpaqueUnlitSpriteMaterial.uasset" 789
"../../../Engine/Plugins/Media/MediaCompositing/Content/DefaultMediaPlaneMaterial.uasset" 790
"../../../Engine/Content/Functions/Engine_MaterialFunctions02/Utility/MakeFloat4.uasset" 791
"../../../Engine/Plugins/Runtime/AppleARKit/Content/ARKitCameraMaterial.uasset" 792
"../../../Engine/Plugins/Runtime/Oculus/OculusVR/Content/Textures/GearVRController_AO.uasset" 793
"../../../Engine/Plugins/Runtime/Oculus/OculusVR/Content/Textures/GearVRController_Color.uasset" 794
"../../../Engine/Plugins/Runtime/Oculus/OculusVR/Content/Textures/GearVRController_Normal.uasset" 795
"../../../Engine/Plugins/Runtime/Oculus/OculusVR/Content/Materials/GearVRControllerMaterial.uasset" 796
"../../../Engine/Plugins/Runtime/Oculus/OculusVR/Content/Meshes/GearVrController.uasset" 797
"../../../Reality/Content/AnimStarterPack/Crouch_Idle_Rifle_Hip.uasset" 798
"../../../Reality/Content/AnimStarterPack/Crouch_Idle_Rifle_Ironsights.uasset" 799
"../../../Reality/Content/AnimStarterPack/Crouch_Walk_Fwd_Rifle_Ironsights.uasset" 800
"../../../Reality/Content/AnimStarterPack/Equip_Pistol_Standing.uasset" 801
"../../../Reality/Content/AnimStarterPack/Fire_Rifle_Ironsights.uasset" 802
"../../../Reality/Content/AnimStarterPack/Hit_React_1.uasset" 803
"../../../Reality/Content/AnimStarterPack/Hit_React_2.uasset" 804
"../../../Reality/Content/AnimStarterPack/Hit_React_3.uasset" 805
"../../../Reality/Content/AnimStarterPack/Idle_Rifle_Hip_Break1.uasset" 806
"../../../Reality/Content/AnimStarterPack/Idle_Rifle_Hip_Break2.uasset" 807
"../../../Reality/Content/AnimStarterPack/Reload_Rifle_Hip.uasset" 808
"../../../Reality/Content/AnimStarterPack/Walk_Fwd_Rifle_Ironsights.uasset" 809
"../../../Engine/Content/EngineSky/C_Sky_Cloud_Color.uasset" 810
"../../../Engine/Content/EngineSky/C_Sky_Horizon_Color.uasset" 811
"../../../Engine/Content/EngineSky/C_Sky_Zenith_Color.uasset" 812
"../../../Engine/Content/EngineSky/T_Sky_Blue.uasset" 813
"../../../Engine/Content/EngineSky/T_Sky_Clouds_M.uasset" 814
"../../../Engine/Content/EngineSky/T_Sky_Stars.uasset" 815
"../../../Engine/Content/EngineSky/M_Sky_Panning_Clouds2.uasset" 816
"../../../Engine/Content/EngineSky/SM_SkySphere.uasset" 817
"../../../Engine/Content/EngineSky/BP_Sky_Sphere.uasset" 818
"../../../Engine/Content/TemplateResources/M_Template_Master.uasset" 819
"../../../Engine/Content/TemplateResources/MI_Template_BaseGray_03_Metal.uasset" 820
"../../../Engine/Content/Functions/MaterialLayerFunctions/MatLayerBlend_AO.uasset" 821
"../../../Reality/Content/AnimStarterPack/UE4_Mannequin/Materials/MaterialLayers/T_ML_Rubber_Blue_01_D.uasset" 822
"../../../Reality/Content/AnimStarterPack/UE4_Mannequin/Materials/MaterialLayers/T_ML_Rubber_Blue_01_N.uasset" 823
"../../../Reality/Content/AnimStarterPack/UE4_Mannequin/Materials/MaterialLayers/ML_GlossyBlack_Latex_UE4.uasset" 824
"../../../Reality/Content/AnimStarterPack/UE4_Mannequin/Materials/MaterialLayers/ML_Plastic_Shiny_Beige.uasset" 825
"../../../Reality/Content/AnimStarterPack/UE4_Mannequin/Textures/UE4_LOGO_CARD.uasset" 826
"../../../Reality/Content/AnimStarterPack/UE4_Mannequin/Materials/MaterialLayers/ML_Plastic_Shiny_Beige_LOGO.uasset" 827
"../../../Reality/Content/AnimStarterPack/UE4_Mannequin/Materials/MaterialLayers/T_ML_Aluminum01.uasset" 828
"../../../Reality/Content/AnimStarterPack/UE4_Mannequin/Materials/MaterialLayers/T_ML_Aluminum01_N.uasset" 829
"../../../Reality/Content/AnimStarterPack/UE4_Mannequin/Materials/MaterialLayers/ML_SoftMetal_UE4.uasset" 830
"../../../Reality/Content/AnimStarterPack/UE4_Mannequin/Textures/UE4_Mannequin__normals.uasset" 831
"../../../Reality/Content/AnimStarterPack/UE4_Mannequin/Textures/UE4_Mannequin_MAT_MASKA.uasset" 832
"../../../Reality/Content/AnimStarterPack/UE4_Mannequin/Textures/UE4_Mannequin_occlusion_Mobile.uasset" 833
"../../../Reality/Content/AnimStarterPack/UE4_Mannequin/Materials/M_UE4Man_Body.uasset" 834
"../../../Reality/Content/AnimStarterPack/UE4_Mannequin/Textures/UE4Man_Logo_N.uasset" 835
"../../../Reality/Content/AnimStarterPack/UE4_Mannequin/Materials/M_UE4Man_ChestLogo.uasset" 836
"../../../Reality/Content/AnimStarterPack/UE4_Mannequin/Mesh/SK_Mannequin_PhysicsAsset.uasset" 837
"../../../Reality/Content/AnimStarterPack/UE4_Mannequin/Mesh/SK_Mannequin.uasset" 838
"../../../Reality/Content/AnimStarterPack/Showcase.umap" 839
"../../../Reality/Content/Blueprints/BP_ElectricRail.uasset" 840
"../../../Reality/Content/Mesh/Ramp_BP.uasset" 841
"../../../Reality/Content/Blueprints/BP_RealitySurf.uasset" 842
"../../../Reality/Content/Mesh/Circle.uasset" 843
"../../../Reality/Content/Blueprints/BP_VelocityChange.uasset" 844
"../../../Reality/Content/Blueprints/BP_VelocityChange_Addition.uasset" 845
"../../../Reality/Content/Blueprints/BP_VelocityChange_Forward.uasset" 846
"../../../Reality/Content/Blueprints/BP_VelocityChange_UpVelocity.uasset" 847
"../../../Reality/Content/FirstPersonCPP/Maps/FirstPersonExampleMap_BuiltData.uasset" 848
"../../../Engine/Content/Functions/Engine_MaterialFunctions03/Procedurals/ComputeFilterWidth.uasset" 849
"../../../Engine/Content/EngineMaterials/AntiAliasedTextMaterialTranslucent.uasset" 850
"../../../Reality/Content/Geometry/Meshes/1M_Cube.uasset" 851
"../../../Reality/Content/UI/HUD.uasset" 852
"../../../Reality/Content/FirstPersonCPP/Maps/FirstPersonExampleMap.umap" 853
"../../../Reality/Content/FPS_Weapon_Bundle/Weapons/Materials/Accessories/M_Scope_25x56_Lens_NoAlpha.uasset" 854
"../../../Reality/Content/FPS_Weapon_Bundle/Weapons/Meshes/Accessories/SM_Scope_25x56_Y.uasset" 855
"../../../Reality/Content/FPS_Weapon_Bundle/Weapons/Textures/Accessories/T_Suppressor5_ALB.uasset" 856
"../../../Reality/Content/FPS_Weapon_Bundle/Weapons/Textures/Accessories/T_Suppressor5_M_MSK.uasset" 857
"../../../Reality/Content/FPS_Weapon_Bundle/Weapons/Textures/Accessories/T_Suppressor5_NRM.uasset" 858
"../../../Reality/Content/FPS_Weapon_Bundle/Weapons/Materials/Accessories/M_Suppressor5.uasset" 859
"../../../Reality/Content/FPS_Weapon_Bundle/Weapons/Meshes/Accessories/SM_Suppressor5.uasset" 860
"../../../Reality/Content/FPS_Weapon_Bundle/Weapons/Materials/RDS/M_RDS_Glass.uasset" 861
"../../../Reality/Content/FPS_Weapon_Bundle/Weapons/Textures/Accessories/T_Tc4_ALB.uasset" 862
"../../../Reality/Content/FPS_Weapon_Bundle/Weapons/Textures/Accessories/T_Tc4_M_MSK.uasset" 863
"../../../Reality/Content/FPS_Weapon_Bundle/Weapons/Textures/Accessories/T_Tc4_NRM.uasset" 864
"../../../Reality/Content/FPS_Weapon_Bundle/Weapons/Materials/Accessories/M_Tc4_Sight.uasset" 865
"../../../Reality/Content/FPS_Weapon_Bundle/Weapons/Meshes/Accessories/SM_T4_Sight.uasset" 866
"../../../Reality/Content/FPS_Weapon_Bundle/Weapons/Meshes/Accessories/SM_Vertgrip.uasset" 867
"../../../Reality/Content/FPS_Weapon_Bundle/Weapons/Textures/Ammunition/T_12Gauge_ALB.uasset" 868
"../../../Reality/Content/FPS_Weapon_Bundle/Weapons/Textures/Ammunition/T_12Gauge_M_MSK.uasset" 869
"../../../Reality/Content/FPS_Weapon_Bundle/Weapons/Textures/Ammunition/T_12Gauge_NRM.uasset" 870
"../../../Reality/Content/FPS_Weapon_Bundle/Weapons/Materials/Ammunition/M_Ammo_12gauge.uasset" 871
"../../../Reality/Content/FPS_Weapon_Bundle/Weapons/Meshes/Ammunition/SM_Shell_12Gauge.uasset" 872
"../../../Reality/Content/FPS_Weapon_Bundle/Weapons/Meshes/Ammunition/SM_Shell_12Gauge_Empty.uasset" 873
"../../../Reality/Content/FPS_Weapon_Bundle/Weapons/Textures/Ammunition/T_40mm_Grenade_ALB.uasset" 874
"../../../Reality/Content/FPS_Weapon_Bundle/Weapons/Textures/Ammunition/T_40mm_Grenade_M_MSK.uasset" 875
"../../../Reality/Content/FPS_Weapon_Bundle/Weapons/Textures/Ammunition/T_40mm_Grenade_NRM.uasset" 876
"../../../Reality/Content/FPS_Weapon_Bundle/Weapons/Materials/Ammunition/M_40mm_Grenade.uasset" 877
"../../../Reality/Content/FPS_Weapon_Bundle/Weapons/Meshes/Ammunition/SM_Shell_40mm_G.uasset" 878
"../../../Reality/Content/FPS_Weapon_Bundle/Weapons/Meshes/Ammunition/SM_Shell_40mm_G_Empty.uasset" 879
"../../../Reality/Content/FPS_Weapon_Bundle/Weapons/Textures/Ammunition/T_45ap_ALB.uasset" 880
"../../../Reality/Content/FPS_Weapon_Bundle/Weapons/Textures/Ammunition/T_45ap_M_MSK.uasset" 881
"../../../Reality/Content/FPS_Weapon_Bundle/Weapons/Textures/Ammunition/T_45ap_NRM.uasset" 882
"../../../Reality/Content/FPS_Weapon_Bundle/Weapons/Materials/Ammunition/M_45ap.uasset" 883
"../../../Reality/Content/FPS_Weapon_Bundle/Weapons/Meshes/Ammunition/SM_Shell_45ap.uasset" 884
"../../../Reality/Content/FPS_Weapon_Bundle/Weapons/Meshes/Ammunition/SM_Shell_45ap_Empty.uasset" 885
"../../../Reality/Content/FPS_Weapon_Bundle/Weapons/Meshes/Ammunition/SM_Shell_545x39.uasset" 886
"../../../Reality/Content/FPS_Weapon_Bundle/Weapons/Meshes/Ammunition/SM_Shell_545x39_Empty.uasset" 887
"../../../Reality/Content/FPS_Weapon_Bundle/Weapons/Meshes/Ammunition/SM_Shell_556x45.uasset" 888
"../../../Reality/Content/FPS_Weapon_Bundle/Weapons/Meshes/Ammunition/SM_Shell_556x45_Empty.uasset" 889
"../../../Reality/Content/FPS_Weapon_Bundle/Weapons/Meshes/Ammunition/SM_Shell_762x39.uasset" 890
"../../../Reality/Content/FPS_Weapon_Bundle/Weapons/Meshes/Ammunition/SM_Shell_762x39_Empty.uasset" 891
"../../../Reality/Content/FPS_Weapon_Bundle/Weapons/Meshes/Ammunition/SM_Shell_762x51.uasset" 892
"../../../Reality/Content/FPS_Weapon_Bundle/Weapons/Meshes/Ammunition/SM_Shell_762x51_Empty.uasset" 893
"../../../Reality/Content/FPS_Weapon_Bundle/Weapons/Meshes/Ammunition/SM_Shell_9mm.uasset" 894
"../../../Reality/Content/FPS_Weapon_Bundle/Weapons/Meshes/Ammunition/SM_Shell_9mm_Empty.uasset" 895
"../../../Reality/Content/FPS_Weapon_Bundle/Weapons/Textures/Ammunition/T_9x18_ALB.uasset" 896
"../../../Reality/Content/FPS_Weapon_Bundle/Weapons/Textures/Ammunition/T_9x18_M_MSK.uasset" 897
"../../../Reality/Content/FPS_Weapon_Bundle/Weapons/Textures/Ammunition/T_9x18_NRM.uasset" 898
"../../../Reality/Content/FPS_Weapon_Bundle/Weapons/Materials/Ammunition/M_9x18.uasset" 899
"../../../Reality/Content/FPS_Weapon_Bundle/Weapons/Meshes/Ammunition/SM_Shell_9x18.uasset" 900
"../../../Reality/Content/FPS_Weapon_Bundle/Weapons/Meshes/Ammunition/SM_Shell_9x18_Empty.uasset" 901
"../../../Reality/Content/FPS_Weapon_Bundle/Weapons/Meshes/AR4/SK_AR4_Physics.uasset" 902
"../../../Reality/Content/FPS_Weapon_Bundle/Weapons/Meshes/AR4/SK_AR4_Skeleton.uasset" 903
"../../../Reality/Content/FPS_Weapon_Bundle/Weapons/Meshes/AR4/SK_AR4.uasset" 904
"../../../Reality/Content/FPS_Weapon_Bundle/Weapons/Meshes/AR4/SM_AR4_Mag.uasset" 905
"../../../Reality/Content/FPS_Weapon_Bundle/Weapons/Meshes/AR4/SM_AR4_Mag_Empty.uasset" 906
"../../../Reality/Content/FPS_Weapon_Bundle/Weapons/Meshes/G67_Grenade/SK_G67_X_Physics.uasset" 907
"../../../Reality/Content/FPS_Weapon_Bundle/Weapons/Meshes/G67_Grenade/SK_G67_X_Skeleton.uasset" 908
"../../../Reality/Content/FPS_Weapon_Bundle/Weapons/Meshes/G67_Grenade/SK_G67_X.uasset" 909
"../../../Reality/Content/FPS_Weapon_Bundle/Weapons/Meshes/Ka47/SK_KA47_Physics.uasset" 910
"../../../Reality/Content/FPS_Weapon_Bundle/Weapons/Meshes/Ka47/SK_KA47_Skeleton.uasset" 911
"../../../Reality/Content/FPS_Weapon_Bundle/Weapons/Meshes/Ka47/SK_KA47.uasset" 912
"../../../Reality/Content/FPS_Weapon_Bundle/Weapons/Meshes/Ka47/SM_KA47_Mag.uasset" 913
"../../../Reality/Content/FPS_Weapon_Bundle/Weapons/Meshes/Ka47/SM_KA47_Mag_Empty.uasset" 914
"../../../Reality/Content/FPS_Weapon_Bundle/Weapons/Meshes/KA74U/SK_KA74U_Y_Physics.uasset" 915
"../../../Reality/Content/FPS_Weapon_Bundle/Weapons/Meshes/KA74U/SK_KA74U_Y_Skeleton.uasset" 916
"../../../Reality/Content/FPS_Weapon_Bundle/Weapons/Meshes/KA74U/SK_KA74U_Y.uasset" 917
"../../../Reality/Content/FPS_Weapon_Bundle/Weapons/Meshes/KA74U/SM_KA74U_Mag_Empty_X.uasset" 918
"../../../Reality/Content/FPS_Weapon_Bundle/Weapons/Meshes/KA74U/SM_KA74U_Mag_X.uasset" 919
"../../../Reality/Content/FPS_Weapon_Bundle/Weapons/Meshes/KA_Val/SK_KA_Val_Y_Physics.uasset" 920
"../../../Reality/Content/FPS_Weapon_Bundle/Weapons/Meshes/KA_Val/SK_KA_Val_Y_Skeleton.uasset" 921
"../../../Reality/Content/FPS_Weapon_Bundle/Weapons/Meshes/KA_Val/SK_KA_Val_Y.uasset" 922
"../../../Reality/Content/FPS_Weapon_Bundle/Weapons/Meshes/KA_Val/SM_KA_Val_MAG_Loaded_Y.uasset" 923
"../../../Reality/Content/FPS_Weapon_Bundle/Weapons/Meshes/KA_Val/SM_KA_Val_Mag_Y.uasset" 924
"../../../Reality/Content/FPS_Weapon_Bundle/Weapons/Meshes/M9_Knife/SK_M9_Knife_X_Physics.uasset" 925
"../../../Reality/Content/FPS_Weapon_Bundle/Weapons/Meshes/M9_Knife/SK_M9_Knife_X_Skeleton.uasset" 926
"../../../Reality/Content/FPS_Weapon_Bundle/Weapons/Meshes/M9_Knife/SK_M9_Knife_X.uasset" 927
"../../../Reality/Content/FPS_Weapon_Bundle/Weapons/Meshes/SMG11/SK_SMG11_Nostock_Y_Physics.uasset" 928
"../../../Reality/Content/FPS_Weapon_Bundle/Weapons/Meshes/SMG11/SK_SMG11_Nostock_Y_Skeleton.uasset" 929
"../../../Reality/Content/FPS_Weapon_Bundle/Weapons/Meshes/SMG11/SK_SMG11_Nostock_Y.uasset" 930
"../../../Reality/Content/FPS_Weapon_Bundle/Weapons/Meshes/SMG11/SM_SMG11_Mag_Empty_X.uasset" 931
"../../../Reality/Content/FPS_Weapon_Bundle/Weapons/Meshes/SMG11/SM_SMG11_Mag_X.uasset" 932
"../../../Reality/Content/FPS_Weapon_Bundle/Maps/Weapons_Showcase.umap" 933
"../../../Reality/Content/StarterContent/Blueprints/Assets/FogBrightnessLUT.uasset" 934
"../../../Reality/Content/StarterContent/Blueprints/Assets/SunlightColorLUT.uasset" 935
"../../../Reality/Content/StarterContent/Blueprints/Assets/M_LightStage_Arrows.uasset" 936
"../../../Engine/Content/MapTemplates/Sky/DaylightAmbientCubemap.uasset" 937
"../../../Reality/Content/StarterContent/Blueprints/Assets/M_LightStage_Skybox_Master.uasset" 938
"../../../Reality/Content/StarterContent/Blueprints/Assets/M_LightStage_Skybox_Black.uasset" 939
"../../../Reality/Content/StarterContent/Blueprints/Assets/M_LightStage_Skybox_HDRI.uasset" 940
"../../../Engine/Content/EditorMaterials/Thumbnails/SkySphereMaterial.uasset" 941
"../../../Reality/Content/StarterContent/Blueprints/Assets/Skybox.uasset" 942
"../../../Reality/Content/StarterContent/Blueprints/Assets/SM_Arrows.uasset" 943
"../../../Reality/Content/StarterContent/HDRI/HDRI_Epic_Courtyard_Daylight.uasset" 944
"../../../Reality/Content/StarterContent/Blueprints/BP_LightStudio.uasset" 945
"../../../Reality/Content/StarterContent/Maps/Advanced_Lighting_BuiltData.uasset" 946
"../../../Reality/Content/StarterContent/Materials/M_AssetPlatform.uasset" 947
"../../../Engine/Content/EditorMeshes/ColorCalibrator/M_ChromeBall.uasset" 948
"../../../Engine/Content/EditorMeshes/ColorCalibrator/M_ClearCoat.uasset" 949
"../../../Engine/Content/EditorMeshes/ColorCalibrator/M_ClearCoatBlack.uasset" 950
"../../../Engine/Content/EditorMeshes/ColorCalibrator/Color_checker.uasset" 951
"../../../Engine/Content/EditorMeshes/ColorCalibrator/M_ColorGrid.uasset" 952
"../../../Engine/Content/EditorMeshes/ColorCalibrator/M_GreyBall.uasset" 953
"../../../Engine/Content/EditorMeshes/ColorCalibrator/SM_ColorCalibrator.uasset" 954
"../../../Reality/Content/StarterContent/Architecture/SM_AssetPlatform.uasset" 955
"../../../Reality/Content/StarterContent/Maps/Advanced_Lighting.umap" 956
"../../../Reality/Content/StarterContent/Maps/Minimal_Default_BuiltData.uasset" 957
"../../../Reality/Content/StarterContent/Textures/T_MacroVariation.uasset" 958
"../../../Reality/Content/StarterContent/Materials/M_Metal_Brushed_Nickel.uasset" 959
"../../../Reality/Content/StarterContent/Textures/T_Metal_Aluminum_D.uasset" 960
"../../../Reality/Content/StarterContent/Textures/T_Metal_Gold_N.uasset" 961
"../../../Reality/Content/StarterContent/Materials/M_Metal_Burnished_Steel.uasset" 962
"../../../Reality/Content/StarterContent/Textures/T_Metal_Copper_D.uasset" 963
"../../../Reality/Content/StarterContent/Materials/M_Metal_Copper.uasset" 964
"../../../Reality/Content/StarterContent/Textures/T_Statue_M.uasset" 965
"../../../Reality/Content/StarterContent/Textures/T_Statue_N.uasset" 966
"../../../Reality/Content/StarterContent/Props/Materials/M_StatueGlass.uasset" 967
"../../../Reality/Content/StarterContent/Architecture/Floor_400x400.uasset" 968
"../../../Reality/Content/StarterContent/Audio/Starter_Background_Cue.uasset" 969
"../../../Reality/Content/StarterContent/Props/SM_Chair.uasset" 970
"../../../Reality/Content/StarterContent/Props/Materials/M_Statue.uasset" 971
"../../../Reality/Content/StarterContent/Props/SM_Statue.uasset" 972
"../../../Reality/Content/StarterContent/Textures/T_TableRound_M.uasset" 973
"../../../Reality/Content/StarterContent/Textures/T_TableRound_N.uasset" 974
"../../../Reality/Content/StarterContent/Props/Materials/M_TableRound.uasset" 975
"../../../Reality/Content/StarterContent/Props/SM_TableRound.uasset" 976
"../../../Reality/Content/StarterContent/Maps/Minimal_Default.umap" 977
"../../../Reality/Content/StarterContent/Audio/Fire01_Cue.uasset" 978
"../../../Reality/Content/StarterContent/Textures/T_Fire_SubUV.uasset" 979
"../../../Reality/Content/StarterContent/Textures/T_Fire_Tiled_D.uasset" 980
"../../../Reality/Content/StarterContent/Particles/Materials/M_Fire_SubUV.uasset" 981
"../../../Reality/Content/StarterContent/Textures/T_Water_N.uasset" 982
"../../../Reality/Content/StarterContent/Particles/Materials/M_Heat_Distortion.uasset" 983
"../../../Reality/Content/StarterContent/Particles/Materials/M_Radial_Gradient.uasset" 984
"../../../Reality/Content/StarterContent/Particles/P_Fire.uasset" 985
"../../../Reality/Content/StarterContent/Blueprints/Blueprint_Effect_Fire.uasset" 986
"../../../Reality/Content/StarterContent/Audio/Smoke01_Cue.uasset" 987
"../../../Reality/Content/StarterContent/Particles/P_Smoke.uasset" 988
"../../../Reality/Content/StarterContent/Blueprints/Blueprint_Effect_Smoke.uasset" 989
"../../../Reality/Content/StarterContent/Audio/Fire_Sparks01_Cue.uasset" 990
"../../../Reality/Content/StarterContent/Textures/T_Spark_Core.uasset" 991
"../../../Reality/Content/StarterContent/Particles/Materials/M_Spark.uasset" 992
"../../../Reality/Content/StarterContent/Particles/P_Sparks.uasset" 993
"../../../Reality/Content/StarterContent/Blueprints/Blueprint_Effect_Sparks.uasset" 994
"../../../Reality/Content/StarterContent/Audio/Steam01_Cue.uasset" 995
"../../../Reality/Content/StarterContent/Particles/P_Steam_Lit.uasset" 996
"../../../Reality/Content/StarterContent/Blueprints/Blueprint_Effect_Steam.uasset" 997
"../../../Reality/Content/StarterContent/Textures/T_Lamp_M.uasset" 998
"../../../Reality/Content/StarterContent/Textures/T_Lamp_N.uasset" 999
"../../../Reality/Content/StarterContent/Props/Materials/M_Lamp.uasset" 1000
"../../../Reality/Content/StarterContent/Props/SM_Lamp_Ceiling.uasset" 1001
"../../../Reality/Content/StarterContent/Blueprints/Blueprint_CeilingLight.uasset" 1002
"../../../Reality/Content/StarterContent/Props/SM_Lamp_Wall.uasset" 1003
"../../../Reality/Content/StarterContent/Blueprints/Blueprint_WallSconce.uasset" 1004
"../../../Reality/Content/StarterContent/Maps/StarterMap_BuiltData.uasset" 1005
"../../../Reality/Content/StarterContent/Textures/T_Brick_Clay_Beveled_D.uasset" 1006
"../../../Reality/Content/StarterContent/Textures/T_Brick_Clay_Beveled_M.uasset" 1007
"../../../Reality/Content/StarterContent/Textures/T_Brick_Clay_Beveled_N.uasset" 1008
"../../../Reality/Content/StarterContent/Materials/M_Brick_Clay_Beveled.uasset" 1009
"../../../Reality/Content/StarterContent/Textures/T_Brick_Clay_New_D.uasset" 1010
"../../../Reality/Content/StarterContent/Textures/T_Brick_Clay_New_M.uasset" 1011
"../../../Reality/Content/StarterContent/Textures/T_Brick_Clay_New_N.uasset" 1012
"../../../Reality/Content/StarterContent/Materials/M_Brick_Clay_New.uasset" 1013
"../../../Reality/Content/StarterContent/Textures/T_Brick_Clay_Old_D.uasset" 1014
"../../../Reality/Content/StarterContent/Textures/T_Brick_Clay_Old_N.uasset" 1015
"../../../Reality/Content/StarterContent/Textures/T_Perlin_Noise_M.uasset" 1016
"../../../Reality/Content/StarterContent/Materials/M_Brick_Clay_Old.uasset" 1017
"../../../Reality/Content/StarterContent/Textures/T_Brick_Cut_Stone_D.uasset" 1018
"../../../Reality/Content/StarterContent/Textures/T_Brick_Cut_Stone_N.uasset" 1019
"../../../Reality/Content/StarterContent/Materials/M_Brick_Cut_Stone.uasset" 1020
"../../../Reality/Content/StarterContent/Textures/T_Brick_Hewn_Stone_D.uasset" 1021
"../../../Reality/Content/StarterContent/Textures/T_Brick_Hewn_Stone_M.uasset" 1022
"../../../Reality/Content/StarterContent/Textures/T_Brick_Hewn_Stone_N.uasset" 1023
"../../../Reality/Content/StarterContent/Materials/M_Brick_Hewn_Stone.uasset" 1024
"../../../Reality/Content/StarterContent/Textures/T_Ceramic_Tile_M.uasset" 1025
"../../../Reality/Content/StarterContent/Textures/T_Ceramic_Tile_N.uasset" 1026
"../../../Reality/Content/StarterContent/Textures/T_Rock_Marble_Polished_D.uasset" 1027
"../../../Reality/Content/StarterContent/Materials/M_Ceramic_Tile_Checker.uasset" 1028
"../../../Reality/Content/StarterContent/Textures/T_CobbleStone_Pebble_D.uasset" 1029
"../../../Reality/Content/StarterContent/Textures/T_CobbleStone_Pebble_M.uasset" 1030
"../../../Reality/Content/StarterContent/Textures/T_CobbleStone_Pebble_N.uasset" 1031
"../../../Reality/Content/StarterContent/Materials/M_CobbleStone_Pebble.uasset" 1032
"../../../Reality/Content/StarterContent/Textures/T_CobbleStone_Rough_D.uasset" 1033
"../../../Reality/Content/StarterContent/Textures/T_CobbleStone_Rough_N.uasset" 1034
"../../../Reality/Content/StarterContent/Textures/T_Gradinet_01.uasset" 1035
"../../../Reality/Content/StarterContent/Textures/T_Rock_Smooth_Granite_D.uasset" 1036
"../../../Reality/Content/StarterContent/Materials/M_CobbleStone_Rough.uasset" 1037
"../../../Reality/Content/StarterContent/Textures/T_CobbleStone_Smooth_D.uasset" 1038
"../../../Reality/Content/StarterContent/Textures/T_CobbleStone_Smooth_M.uasset" 1039
"../../../Reality/Content/StarterContent/Textures/T_CobbleStone_Smooth_N.uasset" 1040
"../../../Reality/Content/StarterContent/Materials/M_CobbleStone_Smooth.uasset" 1041
"../../../Reality/Content/StarterContent/Textures/T_Concrete_Grime_D.uasset" 1042
"../../../Reality/Content/StarterContent/Textures/T_Metal_Rust_N.uasset" 1043
"../../../Reality/Content/StarterContent/Materials/M_Concrete_Grime.uasset" 1044
"../../../Reality/Content/StarterContent/Textures/T_Concrete_Panels_D.uasset" 1045
"../../../Reality/Content/StarterContent/Textures/T_Concrete_Panels_N.uasset" 1046
"../../../Reality/Content/StarterContent/Materials/M_Concrete_Panels.uasset" 1047
"../../../Reality/Content/StarterContent/Textures/T_Concrete_Poured_D.uasset" 1048
"../../../Reality/Content/StarterContent/Textures/T_Concrete_Poured_N.uasset" 1049
"../../../Reality/Content/StarterContent/Materials/M_Concrete_Poured.uasset" 1050
"../../../Reality/Content/StarterContent/Textures/T_Concrete_Tiles_D.uasset" 1051
"../../../Reality/Content/StarterContent/Textures/T_Concrete_Tiles_M.uasset" 1052
"../../../Reality/Content/StarterContent/Textures/T_Concrete_Tiles_N.uasset" 1053
"../../../Reality/Content/StarterContent/Textures/T_Concrete_Tiles_Variation_M.uasset" 1054
"../../../Reality/Content/StarterContent/Materials/M_Concrete_Tiles.uasset" 1055
"../../../Reality/Content/StarterContent/Textures/T_Ground_Grass_D.uasset" 1056
"../../../Reality/Content/StarterContent/Textures/T_Ground_Grass_N.uasset" 1057
"../../../Reality/Content/StarterContent/Materials/M_Ground_Grass.uasset" 1058
"../../../Reality/Content/StarterContent/Textures/T_Ground_Gravel_D.uasset" 1059
"../../../Reality/Content/StarterContent/Textures/T_Ground_Gravel_N.uasset" 1060
"../../../Reality/Content/StarterContent/Materials/M_Ground_Gravel.uasset" 1061
"../../../Reality/Content/StarterContent/Textures/T_ground_Moss_D.uasset" 1062
"../../../Reality/Content/StarterContent/Textures/T_Ground_Moss_N.uasset" 1063
"../../../Reality/Content/StarterContent/Materials/M_Ground_Moss.uasset" 1064
"../../../Reality/Content/StarterContent/Materials/M_Metal_Chrome.uasset" 1065
"../../../Reality/Content/StarterContent/Textures/T_Metal_Gold_D.uasset" 1066
"../../../Reality/Content/StarterContent/Materials/M_Metal_Gold.uasset" 1067
"../../../Reality/Content/StarterContent/Textures/T_Metal_Rust_D.uasset" 1068
"../../../Reality/Content/StarterContent/Materials/M_Metal_Rust.uasset" 1069
"../../../Reality/Content/StarterContent/Textures/T_Metal_Steel_D.uasset" 1070
"../../../Reality/Content/StarterContent/Textures/T_Metal_Steel_N.uasset" 1071
"../../../Reality/Content/StarterContent/Materials/M_Metal_Steel.uasset" 1072
"../../../Reality/Content/StarterContent/Textures/T_Rock_Basalt_N.uasset" 1073
"../../../Reality/Content/StarterContent/Materials/M_Rock_Basalt.uasset" 1074
"../../../Reality/Content/StarterContent/Materials/M_Rock_Marble_Polished.uasset" 1075
"../../../Reality/Content/StarterContent/Textures/T_Rock_Sandstone_D.uasset" 1076
"../../../Reality/Content/StarterContent/Textures/T_Rock_Sandstone_N.uasset" 1077
"../../../Reality/Content/StarterContent/Materials/M_Rock_Sandstone.uasset" 1078
"../../../Reality/Content/StarterContent/Textures/T_Rock_Slate_D.uasset" 1079
"../../../Reality/Content/StarterContent/Textures/T_Rock_Slate_N.uasset" 1080
"../../../Reality/Content/StarterContent/Materials/M_Rock_Slate.uasset" 1081
"../../../Reality/Content/StarterContent/Textures/T_Checker_Noise_M.uasset" 1082
"../../../Reality/Content/StarterContent/Textures/T_Single_Tile_N.uasset" 1083
"../../../Reality/Content/StarterContent/Textures/T_Tech_Dot_M.uasset" 1084
"../../../Reality/Content/StarterContent/Textures/T_Tech_Dot_N.uasset" 1085
"../../../Reality/Content/StarterContent/Materials/M_Tech_Checker_Dot.uasset" 1086
"../../../Reality/Content/StarterContent/Textures/T_Tech_Hex_Tile_M.uasset" 1087
"../../../Reality/Content/StarterContent/Textures/T_Tech_Hex_Tile_N.uasset" 1088
"../../../Reality/Content/StarterContent/Materials/M_Tech_Hex_Tile.uasset" 1089
"../../../Reality/Content/StarterContent/Materials/M_Tech_Hex_Tile_Pulse.uasset" 1090
"../../../Reality/Content/StarterContent/Textures/T_Tech_Panel_M.uasset" 1091
"../../../Reality/Content/StarterContent/Textures/T_Tech_Panel_N.uasset" 1092
"../../../Reality/Content/StarterContent/Materials/M_Tech_Panel.uasset" 1093
"../../../Reality/Content/StarterContent/Materials/M_Water_Lake.uasset" 1094
"../../../Reality/Content/StarterContent/Textures/T_Water_M.uasset" 1095
"../../../Reality/Content/StarterContent/Materials/M_Water_Ocean.uasset" 1096
"../../../Reality/Content/StarterContent/Textures/T_Wood_Floor_Walnut_D.uasset" 1097
"../../../Reality/Content/StarterContent/Textures/T_Wood_Floor_Walnut_M.uasset" 1098
"../../../Reality/Content/StarterContent/Textures/T_Wood_Floor_Walnut_N.uasset" 1099
"../../../Reality/Content/StarterContent/Materials/M_Wood_Floor_Walnut_Polished.uasset" 1100
"../../../Engine/Content/Functions/Engine_MaterialFunctions01/Opacity/AlphaOffset.uasset" 1101
"../../../Reality/Content/StarterContent/Materials/M_Wood_Floor_Walnut_Worn.uasset" 1102
"../../../Reality/Content/StarterContent/Textures/T_Wood_Oak_D.uasset" 1103
"../../../Reality/Content/StarterContent/Textures/T_Wood_Oak_N.uasset" 1104
"../../../Reality/Content/StarterContent/Materials/M_Wood_Oak.uasset" 1105
"../../../Reality/Content/StarterContent/Textures/T_Wood_Pine_D.uasset" 1106
"../../../Reality/Content/StarterContent/Textures/T_Wood_Pine_N.uasset" 1107
"../../../Reality/Content/StarterContent/Materials/M_Wood_Pine.uasset" 1108
"../../../Reality/Content/StarterContent/Textures/T_Wood_Walnut_D.uasset" 1109
"../../../Reality/Content/StarterContent/Textures/T_Wood_Walnut_N.uasset" 1110
"../../../Reality/Content/StarterContent/Materials/M_Wood_Walnut.uasset" 1111
"../../../Reality/Content/StarterContent/Architecture/Wall_400x200.uasset" 1112
"../../../Reality/Content/StarterContent/Architecture/Wall_Door_400x300.uasset" 1113
"../../../Reality/Content/StarterContent/Architecture/Wall_Window_400x300.uasset" 1114
"../../../Reality/Content/StarterContent/Audio/Collapse_Cue.uasset" 1115
"../../../Reality/Content/StarterContent/Audio/Starter_Music_Cue.uasset" 1116
"../../../Reality/Content/StarterContent/Textures/T_Dust_Particle_D.uasset" 1117
"../../../Reality/Content/StarterContent/Particles/Materials/M_Dust_Particle.uasset" 1118
"../../../Reality/Content/StarterContent/Particles/P_Ambient_Dust.uasset" 1119
"../../../Reality/Content/StarterContent/Props/MaterialSphere.uasset" 1120
"../../../Reality/Content/StarterContent/Textures/T_Frame_M.uasset" 1121
"../../../Reality/Content/StarterContent/Textures/T_Frame_N.uasset" 1122
"../../../Reality/Content/StarterContent/Props/Materials/M_Frame.uasset" 1123
"../../../Reality/Content/StarterContent/Props/SM_CornerFrame.uasset" 1124
"../../../Reality/Content/StarterContent/Props/SM_DoorFrame.uasset" 1125
"../../../Reality/Content/StarterContent/Props/SM_GlassWindow.uasset" 1126
"../../../Reality/Content/StarterContent/Props/SM_PillarFrame.uasset" 1127
"../../../Reality/Content/StarterContent/Props/SM_PillarFrame300.uasset" 1128
"../../../Reality/Content/StarterContent/Props/SM_WindowFrame.uasset" 1129
"../../../Reality/Content/StarterContent/Shapes/Shape_Cube.uasset" 1130
"../../../Reality/Content/StarterContent/Shapes/Shape_QuadPyramid.uasset" 1131
"../../../Reality/Content/StarterContent/Shapes/Shape_Sphere.uasset" 1132
"../../../Reality/Content/StarterContent/Maps/StarterMap.umap" 1133
"../../../Engine/Content/Maps/Entry.umap" 1134
